<?xml version="1.0" encoding="UTF-8"?>
<coverage generated="1558515331205" clover="3.2.0">
  <project timestamp="1558515331205" name="All files">
    <metrics statements="405" coveredstatements="237" conditionals="129" coveredconditionals="48" methods="109" coveredmethods="44" elements="643" coveredelements="329" complexity="0" loc="405" ncloc="405" packages="7" files="20" classes="20">
      <package name="Components.Map">
        <metrics statements="97" coveredstatements="54" conditionals="24" coveredconditionals="16" methods="18" coveredmethods="7"/>
        <file name="map.js" path="/Users/shofi/Desktop/PooledHouse/front-end/src/Components/Map/map.js">
          <metrics statements="20" coveredstatements="0" conditionals="0" coveredconditionals="0" methods="4" coveredmethods="0"/>
          <line num="15" count="0" type="stmt"/>
          <line num="16" count="0" type="stmt"/>
          <line num="24" count="0" type="stmt"/>
          <line num="25" count="0" type="stmt"/>
          <line num="29" count="0" type="stmt"/>
          <line num="40" count="0" type="stmt"/>
          <line num="41" count="0" type="stmt"/>
          <line num="43" count="0" type="stmt"/>
          <line num="44" count="0" type="stmt"/>
          <line num="45" count="0" type="stmt"/>
          <line num="46" count="0" type="stmt"/>
          <line num="48" count="0" type="stmt"/>
          <line num="49" count="0" type="stmt"/>
          <line num="50" count="0" type="stmt"/>
          <line num="52" count="0" type="stmt"/>
          <line num="53" count="0" type="stmt"/>
          <line num="54" count="0" type="stmt"/>
          <line num="55" count="0" type="stmt"/>
          <line num="57" count="0" type="stmt"/>
          <line num="66" count="0" type="stmt"/>
        </file>
        <file name="mapFunctions.js" path="/Users/shofi/Desktop/PooledHouse/front-end/src/Components/Map/mapFunctions.js">
          <metrics statements="77" coveredstatements="54" conditionals="24" coveredconditionals="16" methods="14" coveredmethods="7"/>
          <line num="3" count="2" type="stmt"/>
          <line num="4" count="2" type="stmt"/>
          <line num="5" count="2" type="stmt"/>
          <line num="6" count="2" type="stmt"/>
          <line num="7" count="2" type="stmt"/>
          <line num="8" count="2" type="stmt"/>
          <line num="10" count="2" type="stmt"/>
          <line num="11" count="3" type="cond" truecount="1" falsecount="1"/>
          <line num="12" count="3" type="cond" truecount="1" falsecount="1"/>
          <line num="13" count="3" type="cond" truecount="2" falsecount="0"/>
          <line num="14" count="2" type="cond" truecount="2" falsecount="0"/>
          <line num="15" count="1" type="stmt"/>
          <line num="20" count="2" type="stmt"/>
          <line num="21" count="2" type="stmt"/>
          <line num="26" count="2" type="stmt"/>
          <line num="28" count="1" type="stmt"/>
          <line num="29" count="1" type="stmt"/>
          <line num="30" count="3" type="stmt"/>
          <line num="31" count="3" type="cond" truecount="2" falsecount="0"/>
          <line num="32" count="2" type="stmt"/>
          <line num="37" count="1" type="stmt"/>
          <line num="38" count="1" type="stmt"/>
          <line num="39" count="1" type="stmt"/>
          <line num="42" count="1" type="stmt"/>
          <line num="47" count="2" type="stmt"/>
          <line num="49" count="0" type="stmt"/>
          <line num="50" count="0" type="stmt"/>
          <line num="51" count="0" type="stmt"/>
          <line num="52" count="0" type="stmt"/>
          <line num="53" count="0" type="cond" truecount="0" falsecount="2"/>
          <line num="54" count="0" type="stmt"/>
          <line num="55" count="0" type="cond" truecount="0" falsecount="2"/>
          <line num="56" count="0" type="stmt"/>
          <line num="61" count="0" type="stmt"/>
          <line num="62" count="0" type="stmt"/>
          <line num="63" count="0" type="stmt"/>
          <line num="67" count="0" type="stmt"/>
          <line num="71" count="2" type="stmt"/>
          <line num="73" count="1" type="stmt"/>
          <line num="74" count="1" type="stmt"/>
          <line num="75" count="3" type="stmt"/>
          <line num="76" count="3" type="stmt"/>
          <line num="77" count="3" type="cond" truecount="6" falsecount="2"/>
          <line num="81" count="3" type="stmt"/>
          <line num="82" count="3" type="cond" truecount="2" falsecount="0"/>
          <line num="83" count="2" type="stmt"/>
          <line num="88" count="1" type="stmt"/>
          <line num="89" count="1" type="stmt"/>
          <line num="90" count="1" type="stmt"/>
          <line num="94" count="1" type="stmt"/>
          <line num="99" count="2" type="stmt"/>
          <line num="100" count="1" type="stmt"/>
          <line num="101" count="1" type="stmt"/>
          <line num="102" count="1" type="stmt"/>
          <line num="103" count="1" type="stmt"/>
          <line num="104" count="1" type="stmt"/>
          <line num="105" count="1" type="stmt"/>
          <line num="106" count="1" type="stmt"/>
          <line num="108" count="1" type="stmt"/>
          <line num="109" count="1" type="stmt"/>
          <line num="111" count="1" type="stmt"/>
          <line num="115" count="2" type="stmt"/>
          <line num="117" count="0" type="stmt"/>
          <line num="130" count="2" type="stmt"/>
          <line num="135" count="0" type="stmt"/>
          <line num="136" count="0" type="stmt"/>
          <line num="137" count="0" type="stmt"/>
          <line num="138" count="0" type="stmt"/>
          <line num="139" count="0" type="stmt"/>
          <line num="142" count="0" type="stmt"/>
          <line num="143" count="0" type="stmt"/>
          <line num="144" count="0" type="stmt"/>
          <line num="145" count="0" type="stmt"/>
          <line num="148" count="0" type="stmt"/>
          <line num="153" count="2" type="stmt"/>
          <line num="154" count="2" type="stmt"/>
          <line num="155" count="2" type="stmt"/>
        </file>
      </package>
      <package name="Components.ProcessTips">
        <metrics statements="143" coveredstatements="107" conditionals="40" coveredconditionals="24" methods="22" coveredmethods="15"/>
        <file name="ProcessOption.js" path="/Users/shofi/Desktop/PooledHouse/front-end/src/Components/ProcessTips/ProcessOption.js">
          <metrics statements="4" coveredstatements="1" conditionals="0" coveredconditionals="0" methods="2" coveredmethods="0"/>
          <line num="11" count="1" type="stmt"/>
          <line num="13" count="0" type="stmt"/>
          <line num="18" count="0" type="stmt"/>
          <line num="31" count="0" type="stmt"/>
        </file>
        <file name="ProcessTips.js" path="/Users/shofi/Desktop/PooledHouse/front-end/src/Components/ProcessTips/ProcessTips.js">
          <metrics statements="110" coveredstatements="104" conditionals="32" coveredconditionals="24" methods="15" coveredmethods="15"/>
          <line num="39" count="3" type="stmt"/>
          <line num="41" count="3" type="stmt"/>
          <line num="42" count="3" type="stmt"/>
          <line num="43" count="6" type="stmt"/>
          <line num="44" count="6" type="cond" truecount="2" falsecount="0"/>
          <line num="45" count="4" type="stmt"/>
          <line num="49" count="4" type="stmt"/>
          <line num="52" count="2" type="stmt"/>
          <line num="53" count="2" type="stmt"/>
          <line num="54" count="2" type="stmt"/>
          <line num="55" count="2" type="stmt"/>
          <line num="58" count="3" type="stmt"/>
          <line num="73" count="3" type="stmt"/>
          <line num="74" count="3" type="stmt"/>
          <line num="75" count="3" type="stmt"/>
          <line num="76" count="6" type="stmt"/>
          <line num="77" count="6" type="stmt"/>
          <line num="78" count="6" type="cond" truecount="4" falsecount="0"/>
          <line num="79" count="4" type="stmt"/>
          <line num="83" count="4" type="cond" truecount="1" falsecount="1"/>
          <line num="84" count="4" type="stmt"/>
          <line num="86" count="4" type="stmt"/>
          <line num="89" count="2" type="stmt"/>
          <line num="90" count="2" type="stmt"/>
          <line num="91" count="2" type="stmt"/>
          <line num="94" count="3" type="stmt"/>
          <line num="101" count="3" type="stmt"/>
          <line num="102" count="6" type="stmt"/>
          <line num="103" count="6" type="cond" truecount="1" falsecount="1"/>
          <line num="104" count="0" type="stmt"/>
          <line num="106" count="6" type="cond" truecount="1" falsecount="1"/>
          <line num="107" count="0" type="stmt"/>
          <line num="109" count="6" type="cond" truecount="2" falsecount="0"/>
          <line num="110" count="4" type="stmt"/>
          <line num="112" count="2" type="cond" truecount="2" falsecount="0"/>
          <line num="113" count="1" type="stmt"/>
          <line num="115" count="1" type="cond" truecount="1" falsecount="1"/>
          <line num="116" count="1" type="stmt"/>
          <line num="118" count="0" type="cond" truecount="0" falsecount="2"/>
          <line num="119" count="0" type="stmt"/>
          <line num="121" count="0" type="cond" truecount="0" falsecount="2"/>
          <line num="122" count="0" type="stmt"/>
          <line num="166" count="3" type="stmt"/>
          <line num="167" count="3" type="stmt"/>
          <line num="168" count="3" type="stmt"/>
          <line num="169" count="6" type="stmt"/>
          <line num="170" count="6" type="stmt"/>
          <line num="171" count="6" type="cond" truecount="2" falsecount="0"/>
          <line num="172" count="4" type="stmt"/>
          <line num="177" count="4" type="stmt"/>
          <line num="208" count="4" type="stmt"/>
          <line num="209" count="4" type="stmt"/>
          <line num="212" count="2" type="stmt"/>
          <line num="213" count="2" type="stmt"/>
          <line num="214" count="2" type="stmt"/>
          <line num="215" count="2" type="stmt"/>
          <line num="218" count="3" type="stmt"/>
          <line num="256" count="3" type="stmt"/>
          <line num="257" count="3" type="stmt"/>
          <line num="258" count="3" type="stmt"/>
          <line num="259" count="6" type="stmt"/>
          <line num="260" count="6" type="stmt"/>
          <line num="261" count="6" type="cond" truecount="2" falsecount="0"/>
          <line num="262" count="4" type="stmt"/>
          <line num="267" count="4" type="stmt"/>
          <line num="290" count="4" type="stmt"/>
          <line num="291" count="4" type="stmt"/>
          <line num="298" count="2" type="stmt"/>
          <line num="299" count="2" type="stmt"/>
          <line num="300" count="2" type="stmt"/>
          <line num="303" count="3" type="stmt"/>
          <line num="319" count="3" type="stmt"/>
          <line num="320" count="3" type="stmt"/>
          <line num="321" count="3" type="stmt"/>
          <line num="322" count="3" type="stmt"/>
          <line num="323" count="6" type="stmt"/>
          <line num="324" count="6" type="cond" truecount="2" falsecount="0"/>
          <line num="325" count="4" type="stmt"/>
          <line num="326" count="4" type="stmt"/>
          <line num="327" count="4" type="stmt"/>
          <line num="333" count="2" type="stmt"/>
          <line num="334" count="2" type="stmt"/>
          <line num="335" count="2" type="stmt"/>
          <line num="336" count="2" type="stmt"/>
          <line num="337" count="2" type="stmt"/>
          <line num="340" count="3" type="stmt"/>
          <line num="356" count="3" type="stmt"/>
          <line num="357" count="5" type="stmt"/>
          <line num="358" count="5" type="stmt"/>
          <line num="359" count="9" type="stmt"/>
          <line num="360" count="9" type="cond" truecount="2" falsecount="0"/>
          <line num="361" count="6" type="stmt"/>
          <line num="372" count="3" type="stmt"/>
          <line num="384" count="5" type="stmt"/>
          <line num="401" count="3" type="stmt"/>
          <line num="402" count="2" type="stmt"/>
          <line num="403" count="2" type="stmt"/>
          <line num="404" count="3" type="stmt"/>
          <line num="405" count="3" type="stmt"/>
          <line num="406" count="3" type="stmt"/>
          <line num="407" count="3" type="cond" truecount="2" falsecount="0"/>
          <line num="408" count="2" type="stmt"/>
          <line num="409" count="2" type="stmt"/>
          <line num="414" count="2" type="stmt"/>
          <line num="419" count="2" type="stmt"/>
          <line num="420" count="2" type="stmt"/>
          <line num="423" count="1" type="stmt"/>
          <line num="424" count="1" type="stmt"/>
          <line num="425" count="1" type="stmt"/>
          <line num="428" count="2" type="stmt"/>
        </file>
        <file name="ViewProcessedTips.js" path="/Users/shofi/Desktop/PooledHouse/front-end/src/Components/ProcessTips/ViewProcessedTips.js">
          <metrics statements="29" coveredstatements="2" conditionals="8" coveredconditionals="0" methods="5" coveredmethods="0"/>
          <line num="12" count="1" type="stmt"/>
          <line num="14" count="1" type="stmt"/>
          <line num="20" count="0" type="stmt"/>
          <line num="21" count="0" type="stmt"/>
          <line num="22" count="0" type="cond" truecount="0" falsecount="2"/>
          <line num="23" count="0" type="stmt"/>
          <line num="24" count="0" type="stmt"/>
          <line num="25" count="0" type="stmt"/>
          <line num="37" count="0" type="cond" truecount="0" falsecount="2"/>
          <line num="38" count="0" type="stmt"/>
          <line num="39" count="0" type="stmt"/>
          <line num="40" count="0" type="stmt"/>
          <line num="41" count="0" type="stmt"/>
          <line num="59" count="0" type="stmt"/>
          <line num="78" count="0" type="cond" truecount="0" falsecount="2"/>
          <line num="79" count="0" type="stmt"/>
          <line num="80" count="0" type="stmt"/>
          <line num="81" count="0" type="stmt"/>
          <line num="82" count="0" type="stmt"/>
          <line num="98" count="0" type="stmt"/>
          <line num="113" count="0" type="cond" truecount="0" falsecount="2"/>
          <line num="114" count="0" type="stmt"/>
          <line num="115" count="0" type="stmt"/>
          <line num="116" count="0" type="stmt"/>
          <line num="117" count="0" type="stmt"/>
          <line num="118" count="0" type="stmt"/>
          <line num="119" count="0" type="stmt"/>
          <line num="131" count="0" type="stmt"/>
          <line num="144" count="0" type="stmt"/>
        </file>
      </package>
      <package name="Components.ReactNYC">
        <metrics statements="30" coveredstatements="1" conditionals="39" coveredconditionals="0" methods="13" coveredmethods="0"/>
        <file name="ReactNYC.js" path="/Users/shofi/Desktop/PooledHouse/front-end/src/Components/ReactNYC/ReactNYC.js">
          <metrics statements="29" coveredstatements="0" conditionals="39" coveredconditionals="0" methods="13" coveredmethods="0"/>
          <line num="9" count="0" type="stmt"/>
          <line num="10" count="0" type="stmt"/>
          <line num="11" count="0" type="stmt"/>
          <line num="12" count="0" type="stmt"/>
          <line num="13" count="0" type="stmt"/>
          <line num="18" count="0" type="cond" truecount="0" falsecount="4"/>
          <line num="19" count="0" type="cond" truecount="0" falsecount="2"/>
          <line num="23" count="0" type="stmt"/>
          <line num="24" count="0" type="cond" truecount="0" falsecount="2"/>
          <line num="25" count="0" type="stmt"/>
          <line num="26" count="0" type="stmt"/>
          <line num="30" count="0" type="stmt"/>
          <line num="31" count="0" type="cond" truecount="0" falsecount="2"/>
          <line num="32" count="0" type="stmt"/>
          <line num="36" count="0" type="stmt"/>
          <line num="40" count="0" type="stmt"/>
          <line num="41" count="0" type="stmt"/>
          <line num="42" count="0" type="cond" truecount="0" falsecount="2"/>
          <line num="44" count="0" type="stmt"/>
          <line num="62" count="0" type="stmt"/>
          <line num="63" count="0" type="stmt"/>
          <line num="64" count="0" type="cond" truecount="0" falsecount="4"/>
          <line num="66" count="0" type="cond" truecount="0" falsecount="2"/>
          <line num="67" count="0" type="stmt"/>
          <line num="68" count="0" type="cond" truecount="0" falsecount="4"/>
          <line num="69" count="0" type="stmt"/>
          <line num="74" count="0" type="stmt"/>
          <line num="75" count="0" type="stmt"/>
          <line num="82" count="0" type="cond" truecount="0" falsecount="2"/>
        </file>
        <file name="nyc.js" path="/Users/shofi/Desktop/PooledHouse/front-end/src/Components/ReactNYC/nyc.js">
          <metrics statements="1" coveredstatements="1" conditionals="0" coveredconditionals="0" methods="0" coveredmethods="0"/>
          <line num="1" count="2" type="stmt"/>
        </file>
      </package>
      <package name="Components.TipInfoForm">
        <metrics statements="24" coveredstatements="12" conditionals="0" coveredconditionals="0" methods="8" coveredmethods="5"/>
        <file name="TipInfoForm.js" path="/Users/shofi/Desktop/PooledHouse/front-end/src/Components/TipInfoForm/TipInfoForm.js">
          <metrics statements="24" coveredstatements="12" conditionals="0" coveredconditionals="0" methods="8" coveredmethods="5"/>
          <line num="17" count="1" type="stmt"/>
          <line num="18" count="1" type="stmt"/>
          <line num="32" count="1" type="stmt"/>
          <line num="33" count="1" type="stmt"/>
          <line num="37" count="0" type="stmt"/>
          <line num="41" count="0" type="stmt"/>
          <line num="42" count="0" type="stmt"/>
          <line num="57" count="0" type="stmt"/>
          <line num="58" count="0" type="stmt"/>
          <line num="59" count="0" type="stmt"/>
          <line num="60" count="0" type="stmt"/>
          <line num="74" count="0" type="stmt"/>
          <line num="75" count="0" type="stmt"/>
          <line num="80" count="1" type="stmt"/>
          <line num="81" count="0" type="stmt"/>
          <line num="82" count="0" type="stmt"/>
          <line num="89" count="1" type="stmt"/>
          <line num="100" count="1" type="stmt"/>
          <line num="102" count="1" type="stmt"/>
          <line num="103" count="38" type="stmt"/>
          <line num="117" count="1" type="stmt"/>
          <line num="119" count="1" type="stmt"/>
          <line num="257" count="38" type="stmt"/>
          <line num="265" count="0" type="stmt"/>
        </file>
      </package>
      <package name="Components.UserTips">
        <metrics statements="5" coveredstatements="5" conditionals="2" coveredconditionals="2" methods="1" coveredmethods="1"/>
        <file name="UserAccountSummaryFunctions.js" path="/Users/shofi/Desktop/PooledHouse/front-end/src/Components/UserTips/UserAccountSummaryFunctions.js">
          <metrics statements="5" coveredstatements="5" conditionals="2" coveredconditionals="2" methods="1" coveredmethods="1"/>
          <line num="3" count="1" type="stmt"/>
          <line num="4" count="2" type="cond" truecount="2" falsecount="0"/>
          <line num="6" count="1" type="stmt"/>
          <line num="9" count="1" type="stmt"/>
          <line num="10" count="1" type="stmt"/>
        </file>
      </package>
      <package name="Components.ViewTipInfo">
        <metrics statements="103" coveredstatements="55" conditionals="24" coveredconditionals="6" methods="47" coveredmethods="16"/>
        <file name="CompanyDescription.js" path="/Users/shofi/Desktop/PooledHouse/front-end/src/Components/ViewTipInfo/CompanyDescription.js">
          <metrics statements="6" coveredstatements="6" conditionals="0" coveredconditionals="0" methods="2" coveredmethods="2"/>
          <line num="4" count="3" type="stmt"/>
          <line num="5" count="4" type="stmt"/>
          <line num="6" count="4" type="stmt"/>
          <line num="7" count="5" type="stmt"/>
          <line num="20" count="4" type="stmt"/>
          <line num="34" count="4" type="stmt"/>
        </file>
        <file name="PositionOption.js" path="/Users/shofi/Desktop/PooledHouse/front-end/src/Components/ViewTipInfo/PositionOption.js">
          <metrics statements="4" coveredstatements="1" conditionals="0" coveredconditionals="0" methods="2" coveredmethods="0"/>
          <line num="11" count="1" type="stmt"/>
          <line num="13" count="0" type="stmt"/>
          <line num="18" count="0" type="stmt"/>
          <line num="29" count="0" type="stmt"/>
        </file>
        <file name="ViewBarChart.js" path="/Users/shofi/Desktop/PooledHouse/front-end/src/Components/ViewTipInfo/ViewBarChart.js">
          <metrics statements="19" coveredstatements="11" conditionals="6" coveredconditionals="1" methods="4" coveredmethods="2"/>
          <line num="4" count="3" type="stmt"/>
          <line num="5" count="0" type="stmt"/>
          <line num="17" count="3" type="stmt"/>
          <line num="18" count="1" type="stmt"/>
          <line num="48" count="3" type="stmt"/>
          <line num="49" count="0" type="stmt"/>
          <line num="64" count="3" type="stmt"/>
          <line num="65" count="1" type="stmt"/>
          <line num="66" count="1" type="stmt"/>
          <line num="67" count="1" type="cond" truecount="1" falsecount="1"/>
          <line num="68" count="1" type="stmt"/>
          <line num="69" count="1" type="stmt"/>
          <line num="71" count="0" type="cond" truecount="0" falsecount="2"/>
          <line num="72" count="0" type="stmt"/>
          <line num="73" count="0" type="stmt"/>
          <line num="75" count="0" type="cond" truecount="0" falsecount="2"/>
          <line num="76" count="0" type="stmt"/>
          <line num="77" count="0" type="stmt"/>
          <line num="87" count="1" type="stmt"/>
        </file>
        <file name="ViewCompany.js" path="/Users/shofi/Desktop/PooledHouse/front-end/src/Components/ViewTipInfo/ViewCompany.js">
          <metrics statements="13" coveredstatements="9" conditionals="4" coveredconditionals="1" methods="6" coveredmethods="2"/>
          <line num="9" count="2" type="stmt"/>
          <line num="13" count="2" type="stmt"/>
          <line num="14" count="2" type="stmt"/>
          <line num="26" count="2" type="stmt"/>
          <line num="27" count="2" type="stmt"/>
          <line num="28" count="2" type="stmt"/>
          <line num="29" count="2" type="stmt"/>
          <line num="33" count="0" type="stmt"/>
          <line num="37" count="0" type="stmt"/>
          <line num="44" count="0" type="stmt"/>
          <line num="51" count="0" type="stmt"/>
          <line num="60" count="2" type="stmt"/>
          <line num="99" count="2" type="stmt"/>
        </file>
        <file name="ViewReportedTips.js" path="/Users/shofi/Desktop/PooledHouse/front-end/src/Components/ViewTipInfo/ViewReportedTips.js">
          <metrics statements="7" coveredstatements="4" conditionals="6" coveredconditionals="3" methods="5" coveredmethods="2"/>
          <line num="13" count="1" type="stmt"/>
          <line num="14" count="1" type="stmt"/>
          <line num="21" count="1" type="stmt"/>
          <line num="25" count="0" type="stmt"/>
          <line num="26" count="0" type="stmt"/>
          <line num="29" count="0" type="stmt"/>
          <line num="185" count="1" type="stmt"/>
        </file>
        <file name="ViewTipInfo.js" path="/Users/shofi/Desktop/PooledHouse/front-end/src/Components/ViewTipInfo/ViewTipInfo.js">
          <metrics statements="14" coveredstatements="2" conditionals="4" coveredconditionals="0" methods="5" coveredmethods="0"/>
          <line num="8" count="1" type="stmt"/>
          <line num="9" count="0" type="stmt"/>
          <line num="10" count="0" type="stmt"/>
          <line num="11" count="0" type="stmt"/>
          <line num="12" count="0" type="cond" truecount="0" falsecount="2"/>
          <line num="13" count="0" type="stmt"/>
          <line num="24" count="0" type="stmt"/>
          <line num="36" count="0" type="stmt"/>
          <line num="39" count="1" type="stmt"/>
          <line num="43" count="0" type="cond" truecount="0" falsecount="2"/>
          <line num="46" count="0" type="stmt"/>
          <line num="47" count="0" type="stmt"/>
          <line num="48" count="0" type="stmt"/>
          <line num="61" count="0" type="stmt"/>
        </file>
        <file name="ViewTipInfoList.js" path="/Users/shofi/Desktop/PooledHouse/front-end/src/Components/ViewTipInfo/ViewTipInfoList.js">
          <metrics statements="23" coveredstatements="11" conditionals="4" coveredconditionals="1" methods="15" coveredmethods="3"/>
          <line num="26" count="1" type="stmt"/>
          <line num="30" count="2" type="stmt"/>
          <line num="31" count="2" type="stmt"/>
          <line num="44" count="2" type="stmt"/>
          <line num="45" count="2" type="stmt"/>
          <line num="46" count="2" type="stmt"/>
          <line num="47" count="2" type="stmt"/>
          <line num="52" count="0" type="stmt"/>
          <line num="53" count="0" type="stmt"/>
          <line num="63" count="0" type="stmt"/>
          <line num="72" count="0" type="stmt"/>
          <line num="80" count="0" type="stmt"/>
          <line num="91" count="2" type="stmt"/>
          <line num="97" count="0" type="stmt"/>
          <line num="99" count="0" type="stmt"/>
          <line num="116" count="2" type="stmt"/>
          <line num="117" count="2" type="stmt"/>
          <line num="121" count="0" type="stmt"/>
          <line num="125" count="2" type="stmt"/>
          <line num="133" count="0" type="stmt"/>
          <line num="135" count="0" type="stmt"/>
          <line num="140" count="0" type="stmt"/>
          <line num="141" count="0" type="stmt"/>
        </file>
        <file name="ViewTipsHistory.js" path="/Users/shofi/Desktop/PooledHouse/front-end/src/Components/ViewTipInfo/ViewTipsHistory.js">
          <metrics statements="6" coveredstatements="6" conditionals="0" coveredconditionals="0" methods="2" coveredmethods="2"/>
          <line num="7" count="3" type="stmt"/>
          <line num="8" count="2" type="stmt"/>
          <line num="9" count="2" type="stmt"/>
          <line num="10" count="2" type="stmt"/>
          <line num="11" count="3" type="stmt"/>
          <line num="25" count="2" type="stmt"/>
        </file>
        <file name="ViewUserTipInfo.js" path="/Users/shofi/Desktop/PooledHouse/front-end/src/Components/ViewTipInfo/ViewUserTipInfo.js">
          <metrics statements="5" coveredstatements="5" conditionals="0" coveredconditionals="0" methods="3" coveredmethods="3"/>
          <line num="10" count="2" type="stmt"/>
          <line num="11" count="4" type="stmt"/>
          <line num="15" count="2" type="stmt"/>
          <line num="16" count="3" type="stmt"/>
          <line num="54" count="2" type="stmt"/>
        </file>
        <file name="WelcomePage.js" path="/Users/shofi/Desktop/PooledHouse/front-end/src/Components/ViewTipInfo/WelcomePage.js">
          <metrics statements="6" coveredstatements="0" conditionals="0" coveredconditionals="0" methods="3" coveredmethods="0"/>
          <line num="11" count="0" type="stmt"/>
          <line num="13" count="0" type="stmt"/>
          <line num="15" count="0" type="stmt"/>
          <line num="22" count="0" type="stmt"/>
          <line num="29" count="0" type="stmt"/>
          <line num="31" count="0" type="stmt"/>
        </file>
      </package>
      <package name="graphql">
        <metrics statements="3" coveredstatements="3" conditionals="0" coveredconditionals="0" methods="0" coveredmethods="0"/>
        <file name="mutations.js" path="/Users/shofi/Desktop/PooledHouse/front-end/src/graphql/mutations.js">
          <metrics statements="3" coveredstatements="3" conditionals="0" coveredconditionals="0" methods="0" coveredmethods="0"/>
          <line num="4" count="1" type="stmt"/>
          <line num="22" count="1" type="stmt"/>
          <line num="40" count="1" type="stmt"/>
        </file>
      </package>
    </metrics>
  </project>
</coverage>
