{"/Users/shofi/Desktop/PooledHouse/front-end/src/Components/Map/map.js": {"path":"/Users/shofi/Desktop/PooledHouse/front-end/src/Components/Map/map.js","statementMap":{"0":{"start":{"line":15,"column":4},"end":{"line":15,"column":17}},"1":{"start":{"line":16,"column":4},"end":{"line":20,"column":5}},"2":{"start":{"line":24,"column":4},"end":{"line":24,"column":54}},"3":{"start":{"line":25,"column":4},"end":{"line":25,"column":32}},"4":{"start":{"line":29,"column":4},"end":{"line":35,"column":5}},"5":{"start":{"line":40,"column":26},"end":{"line":40,"column":44}},"6":{"start":{"line":41,"column":25},"end":{"line":41,"column":42}},"7":{"start":{"line":43,"column":30},"end":{"line":43,"column":126}},"8":{"start":{"line":44,"column":23},"end":{"line":44,"column":30}},"9":{"start":{"line":45,"column":25},"end":{"line":45,"column":44}},"10":{"start":{"line":46,"column":17},"end":{"line":46,"column":22}},"11":{"start":{"line":48,"column":30},"end":{"line":48,"column":104}},"12":{"start":{"line":49,"column":35},"end":{"line":49,"column":97}},"13":{"start":{"line":50,"column":33},"end":{"line":50,"column":67}},"14":{"start":{"line":52,"column":15},"end":{"line":52,"column":17}},"15":{"start":{"line":53,"column":16},"end":{"line":53,"column":30}},"16":{"start":{"line":54,"column":18},"end":{"line":54,"column":34}},"17":{"start":{"line":55,"column":21},"end":{"line":55,"column":40}},"18":{"start":{"line":57,"column":4},"end":{"line":64,"column":5}},"19":{"start":{"line":66,"column":4},"end":{"line":156,"column":5}}},"fnMap":{"0":{"name":"(anonymous_0)","decl":{"start":{"line":14,"column":2},"end":{"line":14,"column":3}},"loc":{"start":{"line":14,"column":21},"end":{"line":21,"column":3}},"line":14},"1":{"name":"(anonymous_1)","decl":{"start":{"line":23,"column":17},"end":{"line":23,"column":18}},"loc":{"start":{"line":23,"column":24},"end":{"line":26,"column":3}},"line":23},"2":{"name":"(anonymous_2)","decl":{"start":{"line":28,"column":16},"end":{"line":28,"column":17}},"loc":{"start":{"line":28,"column":22},"end":{"line":36,"column":3}},"line":28},"3":{"name":"(anonymous_3)","decl":{"start":{"line":38,"column":2},"end":{"line":38,"column":3}},"loc":{"start":{"line":38,"column":11},"end":{"line":157,"column":3}},"line":38}},"branchMap":{},"s":{"0":0,"1":0,"2":0,"3":0,"4":0,"5":0,"6":0,"7":0,"8":0,"9":0,"10":0,"11":0,"12":0,"13":0,"14":0,"15":0,"16":0,"17":0,"18":0,"19":0},"f":{"0":0,"1":0,"2":0,"3":0},"b":{},"_coverageSchema":"332fd63041d2c1bcb487cc26dd0d5f7d97098a6c","hash":"02d3d0983abfb1608d5b425d78739e53e9e21398"}
,"/Users/shofi/Desktop/PooledHouse/front-end/src/Components/Map/mapFunctions.js": {"path":"/Users/shofi/Desktop/PooledHouse/front-end/src/Components/Map/mapFunctions.js","statementMap":{"0":{"start":{"line":3,"column":22},"end":{"line":3,"column":31}},"1":{"start":{"line":4,"column":23},"end":{"line":4,"column":32}},"2":{"start":{"line":5,"column":19},"end":{"line":5,"column":28}},"3":{"start":{"line":6,"column":20},"end":{"line":6,"column":29}},"4":{"start":{"line":7,"column":15},"end":{"line":7,"column":24}},"5":{"start":{"line":8,"column":21},"end":{"line":8,"column":30}},"6":{"start":{"line":10,"column":17},"end":{"line":16,"column":1}},"7":{"start":{"line":11,"column":4},"end":{"line":11,"column":35}},"8":{"start":{"line":11,"column":21},"end":{"line":11,"column":35}},"9":{"start":{"line":12,"column":4},"end":{"line":12,"column":40}},"10":{"start":{"line":12,"column":21},"end":{"line":12,"column":40}},"11":{"start":{"line":13,"column":4},"end":{"line":13,"column":39}},"12":{"start":{"line":13,"column":21},"end":{"line":13,"column":39}},"13":{"start":{"line":14,"column":4},"end":{"line":14,"column":43}},"14":{"start":{"line":14,"column":21},"end":{"line":14,"column":43}},"15":{"start":{"line":15,"column":4},"end":{"line":15,"column":25}},"16":{"start":{"line":20,"column":17},"end":{"line":22,"column":1}},"17":{"start":{"line":21,"column":4},"end":{"line":21,"column":38}},"18":{"start":{"line":26,"column":34},"end":{"line":43,"column":1}},"19":{"start":{"line":28,"column":26},"end":{"line":28,"column":28}},"20":{"start":{"line":29,"column":4},"end":{"line":41,"column":7}},"21":{"start":{"line":30,"column":23},"end":{"line":30,"column":41}},"22":{"start":{"line":31,"column":8},"end":{"line":40,"column":9}},"23":{"start":{"line":32,"column":12},"end":{"line":34,"column":67}},"24":{"start":{"line":37,"column":25},"end":{"line":37,"column":79}},"25":{"start":{"line":38,"column":12},"end":{"line":38,"column":155}},"26":{"start":{"line":39,"column":12},"end":{"line":39,"column":54}},"27":{"start":{"line":42,"column":4},"end":{"line":42,"column":25}},"28":{"start":{"line":47,"column":21},"end":{"line":68,"column":1}},"29":{"start":{"line":49,"column":26},"end":{"line":49,"column":28}},"30":{"start":{"line":50,"column":4},"end":{"line":66,"column":7}},"31":{"start":{"line":51,"column":20},"end":{"line":51,"column":55}},"32":{"start":{"line":52,"column":8},"end":{"line":52,"column":102}},"33":{"start":{"line":53,"column":8},"end":{"line":65,"column":9}},"34":{"start":{"line":54,"column":27},"end":{"line":54,"column":45}},"35":{"start":{"line":55,"column":12},"end":{"line":64,"column":13}},"36":{"start":{"line":56,"column":16},"end":{"line":58,"column":71}},"37":{"start":{"line":61,"column":29},"end":{"line":61,"column":83}},"38":{"start":{"line":62,"column":16},"end":{"line":62,"column":159}},"39":{"start":{"line":63,"column":16},"end":{"line":63,"column":58}},"40":{"start":{"line":67,"column":4},"end":{"line":67,"column":25}},"41":{"start":{"line":71,"column":29},"end":{"line":95,"column":1}},"42":{"start":{"line":73,"column":26},"end":{"line":73,"column":28}},"43":{"start":{"line":74,"column":4},"end":{"line":93,"column":7}},"44":{"start":{"line":75,"column":20},"end":{"line":75,"column":55}},"45":{"start":{"line":76,"column":8},"end":{"line":76,"column":102}},"46":{"start":{"line":77,"column":8},"end":{"line":92,"column":9}},"47":{"start":{"line":81,"column":31},"end":{"line":81,"column":49}},"48":{"start":{"line":82,"column":16},"end":{"line":91,"column":17}},"49":{"start":{"line":83,"column":20},"end":{"line":85,"column":75}},"50":{"start":{"line":88,"column":33},"end":{"line":88,"column":87}},"51":{"start":{"line":89,"column":20},"end":{"line":89,"column":163}},"52":{"start":{"line":90,"column":20},"end":{"line":90,"column":62}},"53":{"start":{"line":94,"column":4},"end":{"line":94,"column":25}},"54":{"start":{"line":99,"column":30},"end":{"line":112,"column":1}},"55":{"start":{"line":100,"column":15},"end":{"line":100,"column":17}},"56":{"start":{"line":101,"column":18},"end":{"line":101,"column":20}},"57":{"start":{"line":102,"column":4},"end":{"line":110,"column":5}},"58":{"start":{"line":103,"column":6},"end":{"line":103,"column":19}},"59":{"start":{"line":104,"column":6},"end":{"line":104,"column":54}},"60":{"start":{"line":105,"column":6},"end":{"line":105,"column":26}},"61":{"start":{"line":106,"column":6},"end":{"line":106,"column":101}},"62":{"start":{"line":108,"column":6},"end":{"line":108,"column":54}},"63":{"start":{"line":109,"column":6},"end":{"line":109,"column":25}},"64":{"start":{"line":111,"column":4},"end":{"line":111,"column":16}},"65":{"start":{"line":115,"column":27},"end":{"line":128,"column":1}},"66":{"start":{"line":117,"column":4},"end":{"line":117,"column":28}},"67":{"start":{"line":130,"column":27},"end":{"line":151,"column":1}},"68":{"start":{"line":135,"column":4},"end":{"line":135,"column":75}},"69":{"start":{"line":136,"column":4},"end":{"line":136,"column":65}},"70":{"start":{"line":137,"column":4},"end":{"line":137,"column":168}},"71":{"start":{"line":138,"column":4},"end":{"line":150,"column":10}},"72":{"start":{"line":139,"column":21},"end":{"line":139,"column":31}},"73":{"start":{"line":142,"column":16},"end":{"line":142,"column":70}},"74":{"start":{"line":143,"column":16},"end":{"line":143,"column":70}},"75":{"start":{"line":144,"column":16},"end":{"line":144,"column":34}},"76":{"start":{"line":145,"column":16},"end":{"line":145,"column":34}},"77":{"start":{"line":148,"column":16},"end":{"line":148,"column":35}},"78":{"start":{"line":153,"column":23},"end":{"line":153,"column":31}},"79":{"start":{"line":154,"column":23},"end":{"line":154,"column":31}},"80":{"start":{"line":155,"column":43},"end":{"line":155,"column":68}}},"fnMap":{"0":{"name":"(anonymous_0)","decl":{"start":{"line":10,"column":17},"end":{"line":10,"column":18}},"loc":{"start":{"line":10,"column":29},"end":{"line":16,"column":1}},"line":10},"1":{"name":"(anonymous_1)","decl":{"start":{"line":20,"column":17},"end":{"line":20,"column":18}},"loc":{"start":{"line":20,"column":33},"end":{"line":22,"column":1}},"line":20},"2":{"name":"(anonymous_2)","decl":{"start":{"line":26,"column":34},"end":{"line":26,"column":35}},"loc":{"start":{"line":26,"column":48},"end":{"line":43,"column":1}},"line":26},"3":{"name":"(anonymous_3)","decl":{"start":{"line":29,"column":21},"end":{"line":29,"column":22}},"loc":{"start":{"line":29,"column":30},"end":{"line":41,"column":5}},"line":29},"4":{"name":"(anonymous_4)","decl":{"start":{"line":47,"column":21},"end":{"line":47,"column":22}},"loc":{"start":{"line":47,"column":40},"end":{"line":68,"column":1}},"line":47},"5":{"name":"(anonymous_5)","decl":{"start":{"line":50,"column":21},"end":{"line":50,"column":22}},"loc":{"start":{"line":50,"column":30},"end":{"line":66,"column":5}},"line":50},"6":{"name":"(anonymous_6)","decl":{"start":{"line":71,"column":29},"end":{"line":71,"column":30}},"loc":{"start":{"line":71,"column":65},"end":{"line":95,"column":1}},"line":71},"7":{"name":"(anonymous_7)","decl":{"start":{"line":74,"column":21},"end":{"line":74,"column":22}},"loc":{"start":{"line":74,"column":30},"end":{"line":93,"column":5}},"line":74},"8":{"name":"(anonymous_8)","decl":{"start":{"line":99,"column":30},"end":{"line":99,"column":31}},"loc":{"start":{"line":99,"column":48},"end":{"line":112,"column":1}},"line":99},"9":{"name":"(anonymous_9)","decl":{"start":{"line":115,"column":27},"end":{"line":115,"column":28}},"loc":{"start":{"line":115,"column":40},"end":{"line":128,"column":1}},"line":115},"10":{"name":"(anonymous_10)","decl":{"start":{"line":130,"column":27},"end":{"line":130,"column":28}},"loc":{"start":{"line":130,"column":110},"end":{"line":151,"column":1}},"line":130},"11":{"name":"(anonymous_11)","decl":{"start":{"line":139,"column":14},"end":{"line":139,"column":15}},"loc":{"start":{"line":139,"column":21},"end":{"line":139,"column":31}},"line":139},"12":{"name":"(anonymous_12)","decl":{"start":{"line":141,"column":12},"end":{"line":141,"column":13}},"loc":{"start":{"line":141,"column":24},"end":{"line":146,"column":13}},"line":141},"13":{"name":"(anonymous_13)","decl":{"start":{"line":147,"column":12},"end":{"line":147,"column":13}},"loc":{"start":{"line":147,"column":23},"end":{"line":149,"column":13}},"line":147}},"branchMap":{"0":{"loc":{"start":{"line":11,"column":4},"end":{"line":11,"column":35}},"type":"if","locations":[{"start":{"line":11,"column":4},"end":{"line":11,"column":35}},{"start":{"line":11,"column":4},"end":{"line":11,"column":35}}],"line":11},"1":{"loc":{"start":{"line":12,"column":4},"end":{"line":12,"column":40}},"type":"if","locations":[{"start":{"line":12,"column":4},"end":{"line":12,"column":40}},{"start":{"line":12,"column":4},"end":{"line":12,"column":40}}],"line":12},"2":{"loc":{"start":{"line":13,"column":4},"end":{"line":13,"column":39}},"type":"if","locations":[{"start":{"line":13,"column":4},"end":{"line":13,"column":39}},{"start":{"line":13,"column":4},"end":{"line":13,"column":39}}],"line":13},"3":{"loc":{"start":{"line":14,"column":4},"end":{"line":14,"column":43}},"type":"if","locations":[{"start":{"line":14,"column":4},"end":{"line":14,"column":43}},{"start":{"line":14,"column":4},"end":{"line":14,"column":43}}],"line":14},"4":{"loc":{"start":{"line":31,"column":8},"end":{"line":40,"column":9}},"type":"if","locations":[{"start":{"line":31,"column":8},"end":{"line":40,"column":9}},{"start":{"line":31,"column":8},"end":{"line":40,"column":9}}],"line":31},"5":{"loc":{"start":{"line":53,"column":8},"end":{"line":65,"column":9}},"type":"if","locations":[{"start":{"line":53,"column":8},"end":{"line":65,"column":9}},{"start":{"line":53,"column":8},"end":{"line":65,"column":9}}],"line":53},"6":{"loc":{"start":{"line":55,"column":12},"end":{"line":64,"column":13}},"type":"if","locations":[{"start":{"line":55,"column":12},"end":{"line":64,"column":13}},{"start":{"line":55,"column":12},"end":{"line":64,"column":13}}],"line":55},"7":{"loc":{"start":{"line":77,"column":8},"end":{"line":92,"column":9}},"type":"if","locations":[{"start":{"line":77,"column":8},"end":{"line":92,"column":9}},{"start":{"line":77,"column":8},"end":{"line":92,"column":9}}],"line":77},"8":{"loc":{"start":{"line":77,"column":12},"end":{"line":79,"column":69}},"type":"binary-expr","locations":[{"start":{"line":77,"column":13},"end":{"line":77,"column":26}},{"start":{"line":77,"column":30},"end":{"line":77,"column":43}},{"start":{"line":78,"column":13},"end":{"line":78,"column":28}},{"start":{"line":78,"column":33},"end":{"line":78,"column":59}},{"start":{"line":79,"column":13},"end":{"line":79,"column":31}},{"start":{"line":79,"column":35},"end":{"line":79,"column":68}}],"line":77},"9":{"loc":{"start":{"line":82,"column":16},"end":{"line":91,"column":17}},"type":"if","locations":[{"start":{"line":82,"column":16},"end":{"line":91,"column":17}},{"start":{"line":82,"column":16},"end":{"line":91,"column":17}}],"line":82}},"s":{"0":2,"1":2,"2":2,"3":2,"4":2,"5":2,"6":2,"7":3,"8":0,"9":3,"10":0,"11":3,"12":1,"13":2,"14":1,"15":1,"16":2,"17":2,"18":2,"19":1,"20":1,"21":3,"22":3,"23":2,"24":1,"25":1,"26":1,"27":1,"28":2,"29":0,"30":0,"31":0,"32":0,"33":0,"34":0,"35":0,"36":0,"37":0,"38":0,"39":0,"40":0,"41":2,"42":1,"43":1,"44":3,"45":3,"46":3,"47":3,"48":3,"49":2,"50":1,"51":1,"52":1,"53":1,"54":2,"55":1,"56":1,"57":1,"58":1,"59":1,"60":1,"61":1,"62":1,"63":1,"64":1,"65":2,"66":0,"67":2,"68":0,"69":0,"70":0,"71":0,"72":0,"73":0,"74":0,"75":0,"76":0,"77":0,"78":2,"79":2,"80":2},"f":{"0":3,"1":2,"2":1,"3":3,"4":0,"5":0,"6":1,"7":3,"8":1,"9":0,"10":0,"11":0,"12":0,"13":0},"b":{"0":[0,3],"1":[0,3],"2":[1,2],"3":[1,1],"4":[2,1],"5":[0,0],"6":[0,0],"7":[3,0],"8":[3,0,3,3,3,3],"9":[2,1]},"_coverageSchema":"332fd63041d2c1bcb487cc26dd0d5f7d97098a6c","hash":"2efddb30023fe7cb0b02967073188c319185c532"}
,"/Users/shofi/Desktop/PooledHouse/front-end/src/Components/ProcessTips/ProcessOption.js": {"path":"/Users/shofi/Desktop/PooledHouse/front-end/src/Components/ProcessTips/ProcessOption.js","statementMap":{"0":{"start":{"line":11,"column":22},"end":{"line":32,"column":1}},"1":{"start":{"line":13,"column":8},"end":{"line":28,"column":15}},"2":{"start":{"line":18,"column":36},"end":{"line":18,"column":56}},"3":{"start":{"line":31,"column":6},"end":{"line":31,"column":27}}},"fnMap":{"0":{"name":"(anonymous_0)","decl":{"start":{"line":11,"column":22},"end":{"line":11,"column":23}},"loc":{"start":{"line":11,"column":33},"end":{"line":32,"column":1}},"line":11},"1":{"name":"(anonymous_1)","decl":{"start":{"line":18,"column":26},"end":{"line":18,"column":27}},"loc":{"start":{"line":18,"column":35},"end":{"line":18,"column":57}},"line":18}},"branchMap":{},"s":{"0":1,"1":0,"2":0,"3":0},"f":{"0":0,"1":0},"b":{},"_coverageSchema":"332fd63041d2c1bcb487cc26dd0d5f7d97098a6c","hash":"5934c7d4cdd1805638f1f79fadb3d1a62eda1843"}
,"/Users/shofi/Desktop/PooledHouse/front-end/src/Components/ProcessTips/ProcessTips.js": {"path":"/Users/shofi/Desktop/PooledHouse/front-end/src/Components/ProcessTips/ProcessTips.js","statementMap":{"0":{"start":{"line":39,"column":0},"end":{"line":59,"column":1}},"1":{"start":{"line":41,"column":21},"end":{"line":41,"column":23}},"2":{"start":{"line":42,"column":4},"end":{"line":57,"column":7}},"3":{"start":{"line":43,"column":27},"end":{"line":43,"column":45}},"4":{"start":{"line":44,"column":8},"end":{"line":56,"column":9}},"5":{"start":{"line":45,"column":12},"end":{"line":48,"column":66}},"6":{"start":{"line":49,"column":12},"end":{"line":49,"column":176}},"7":{"start":{"line":52,"column":25},"end":{"line":52,"column":77}},"8":{"start":{"line":53,"column":12},"end":{"line":53,"column":151}},"9":{"start":{"line":54,"column":12},"end":{"line":54,"column":53}},"10":{"start":{"line":55,"column":12},"end":{"line":55,"column":176}},"11":{"start":{"line":58,"column":4},"end":{"line":58,"column":20}},"12":{"start":{"line":73,"column":0},"end":{"line":95,"column":1}},"13":{"start":{"line":74,"column":36},"end":{"line":74,"column":38}},"14":{"start":{"line":75,"column":4},"end":{"line":93,"column":7}},"15":{"start":{"line":76,"column":27},"end":{"line":76,"column":45}},"16":{"start":{"line":77,"column":19},"end":{"line":77,"column":130}},"17":{"start":{"line":78,"column":8},"end":{"line":92,"column":9}},"18":{"start":{"line":79,"column":22},"end":{"line":82,"column":21}},"19":{"start":{"line":83,"column":12},"end":{"line":85,"column":13}},"20":{"start":{"line":84,"column":16},"end":{"line":84,"column":59}},"21":{"start":{"line":86,"column":12},"end":{"line":86,"column":62}},"22":{"start":{"line":89,"column":25},"end":{"line":89,"column":98}},"23":{"start":{"line":90,"column":12},"end":{"line":90,"column":214}},"24":{"start":{"line":91,"column":12},"end":{"line":91,"column":74}},"25":{"start":{"line":94,"column":4},"end":{"line":94,"column":35}},"26":{"start":{"line":101,"column":15},"end":{"line":124,"column":1}},"27":{"start":{"line":102,"column":14},"end":{"line":102,"column":27}},"28":{"start":{"line":103,"column":4},"end":{"line":123,"column":5}},"29":{"start":{"line":104,"column":8},"end":{"line":104,"column":24}},"30":{"start":{"line":106,"column":9},"end":{"line":123,"column":5}},"31":{"start":{"line":107,"column":8},"end":{"line":107,"column":24}},"32":{"start":{"line":109,"column":9},"end":{"line":123,"column":5}},"33":{"start":{"line":110,"column":8},"end":{"line":110,"column":25}},"34":{"start":{"line":112,"column":9},"end":{"line":123,"column":5}},"35":{"start":{"line":113,"column":8},"end":{"line":113,"column":26}},"36":{"start":{"line":115,"column":9},"end":{"line":123,"column":5}},"37":{"start":{"line":116,"column":8},"end":{"line":116,"column":26}},"38":{"start":{"line":118,"column":9},"end":{"line":123,"column":5}},"39":{"start":{"line":119,"column":8},"end":{"line":119,"column":24}},"40":{"start":{"line":121,"column":9},"end":{"line":123,"column":5}},"41":{"start":{"line":122,"column":8},"end":{"line":122,"column":26}},"42":{"start":{"line":166,"column":0},"end":{"line":219,"column":1}},"43":{"start":{"line":167,"column":30},"end":{"line":167,"column":32}},"44":{"start":{"line":168,"column":4},"end":{"line":217,"column":7}},"45":{"start":{"line":169,"column":27},"end":{"line":169,"column":45}},"46":{"start":{"line":170,"column":18},"end":{"line":170,"column":51}},"47":{"start":{"line":171,"column":8},"end":{"line":216,"column":9}},"48":{"start":{"line":172,"column":22},"end":{"line":175,"column":21}},"49":{"start":{"line":177,"column":12},"end":{"line":206,"column":14}},"50":{"start":{"line":208,"column":12},"end":{"line":208,"column":55}},"51":{"start":{"line":209,"column":12},"end":{"line":209,"column":177}},"52":{"start":{"line":212,"column":25},"end":{"line":212,"column":91}},"53":{"start":{"line":213,"column":12},"end":{"line":213,"column":193}},"54":{"start":{"line":214,"column":12},"end":{"line":214,"column":67}},"55":{"start":{"line":215,"column":12},"end":{"line":215,"column":169}},"56":{"start":{"line":218,"column":4},"end":{"line":218,"column":29}},"57":{"start":{"line":256,"column":0},"end":{"line":304,"column":1}},"58":{"start":{"line":257,"column":30},"end":{"line":257,"column":32}},"59":{"start":{"line":258,"column":4},"end":{"line":302,"column":7}},"60":{"start":{"line":259,"column":27},"end":{"line":259,"column":45}},"61":{"start":{"line":260,"column":18},"end":{"line":260,"column":37}},"62":{"start":{"line":261,"column":8},"end":{"line":301,"column":9}},"63":{"start":{"line":262,"column":22},"end":{"line":265,"column":21}},"64":{"start":{"line":267,"column":12},"end":{"line":288,"column":14}},"65":{"start":{"line":290,"column":12},"end":{"line":290,"column":55}},"66":{"start":{"line":291,"column":12},"end":{"line":291,"column":166}},"67":{"start":{"line":298,"column":25},"end":{"line":298,"column":91}},"68":{"start":{"line":299,"column":12},"end":{"line":299,"column":193}},"69":{"start":{"line":300,"column":12},"end":{"line":300,"column":67}},"70":{"start":{"line":303,"column":4},"end":{"line":303,"column":29}},"71":{"start":{"line":319,"column":0},"end":{"line":342,"column":1}},"72":{"start":{"line":320,"column":24},"end":{"line":320,"column":26}},"73":{"start":{"line":321,"column":29},"end":{"line":321,"column":31}},"74":{"start":{"line":322,"column":4},"end":{"line":339,"column":7}},"75":{"start":{"line":323,"column":18},"end":{"line":323,"column":35}},"76":{"start":{"line":324,"column":8},"end":{"line":338,"column":9}},"77":{"start":{"line":325,"column":12},"end":{"line":325,"column":46}},"78":{"start":{"line":326,"column":12},"end":{"line":326,"column":58}},"79":{"start":{"line":327,"column":12},"end":{"line":330,"column":46}},"80":{"start":{"line":333,"column":25},"end":{"line":333,"column":71}},"81":{"start":{"line":334,"column":12},"end":{"line":334,"column":58}},"82":{"start":{"line":335,"column":12},"end":{"line":335,"column":73}},"83":{"start":{"line":336,"column":12},"end":{"line":336,"column":133}},"84":{"start":{"line":337,"column":12},"end":{"line":337,"column":47}},"85":{"start":{"line":340,"column":4},"end":{"line":340,"column":23}},"86":{"start":{"line":356,"column":0},"end":{"line":385,"column":1}},"87":{"start":{"line":357,"column":21},"end":{"line":357,"column":23}},"88":{"start":{"line":358,"column":4},"end":{"line":383,"column":7}},"89":{"start":{"line":359,"column":27},"end":{"line":359,"column":45}},"90":{"start":{"line":360,"column":8},"end":{"line":382,"column":9}},"91":{"start":{"line":361,"column":12},"end":{"line":369,"column":41}},"92":{"start":{"line":372,"column":12},"end":{"line":381,"column":15}},"93":{"start":{"line":384,"column":4},"end":{"line":384,"column":20}},"94":{"start":{"line":401,"column":0},"end":{"line":429,"column":1}},"95":{"start":{"line":402,"column":35},"end":{"line":402,"column":37}},"96":{"start":{"line":403,"column":4},"end":{"line":427,"column":7}},"97":{"start":{"line":404,"column":27},"end":{"line":404,"column":45}},"98":{"start":{"line":405,"column":18},"end":{"line":405,"column":37}},"99":{"start":{"line":406,"column":20},"end":{"line":406,"column":35}},"100":{"start":{"line":407,"column":8},"end":{"line":426,"column":9}},"101":{"start":{"line":408,"column":12},"end":{"line":408,"column":54}},"102":{"start":{"line":409,"column":22},"end":{"line":412,"column":21}},"103":{"start":{"line":414,"column":12},"end":{"line":417,"column":14}},"104":{"start":{"line":419,"column":12},"end":{"line":419,"column":67}},"105":{"start":{"line":420,"column":12},"end":{"line":420,"column":171}},"106":{"start":{"line":423,"column":25},"end":{"line":423,"column":103}},"107":{"start":{"line":424,"column":12},"end":{"line":424,"column":249}},"108":{"start":{"line":425,"column":12},"end":{"line":425,"column":79}},"109":{"start":{"line":428,"column":4},"end":{"line":428,"column":34}}},"fnMap":{"0":{"name":"(anonymous_0)","decl":{"start":{"line":39,"column":32},"end":{"line":39,"column":33}},"loc":{"start":{"line":39,"column":46},"end":{"line":59,"column":1}},"line":39},"1":{"name":"(anonymous_1)","decl":{"start":{"line":42,"column":21},"end":{"line":42,"column":22}},"loc":{"start":{"line":42,"column":29},"end":{"line":57,"column":5}},"line":42},"2":{"name":"(anonymous_2)","decl":{"start":{"line":73,"column":42},"end":{"line":73,"column":43}},"loc":{"start":{"line":73,"column":56},"end":{"line":95,"column":1}},"line":73},"3":{"name":"(anonymous_3)","decl":{"start":{"line":75,"column":21},"end":{"line":75,"column":22}},"loc":{"start":{"line":75,"column":29},"end":{"line":93,"column":5}},"line":75},"4":{"name":"(anonymous_4)","decl":{"start":{"line":101,"column":15},"end":{"line":101,"column":16}},"loc":{"start":{"line":101,"column":25},"end":{"line":124,"column":1}},"line":101},"5":{"name":"(anonymous_5)","decl":{"start":{"line":166,"column":35},"end":{"line":166,"column":36}},"loc":{"start":{"line":166,"column":49},"end":{"line":219,"column":1}},"line":166},"6":{"name":"(anonymous_6)","decl":{"start":{"line":168,"column":21},"end":{"line":168,"column":22}},"loc":{"start":{"line":168,"column":29},"end":{"line":217,"column":5}},"line":168},"7":{"name":"(anonymous_7)","decl":{"start":{"line":256,"column":32},"end":{"line":256,"column":33}},"loc":{"start":{"line":256,"column":46},"end":{"line":304,"column":1}},"line":256},"8":{"name":"(anonymous_8)","decl":{"start":{"line":258,"column":21},"end":{"line":258,"column":22}},"loc":{"start":{"line":258,"column":29},"end":{"line":302,"column":5}},"line":258},"9":{"name":"(anonymous_9)","decl":{"start":{"line":319,"column":31},"end":{"line":319,"column":32}},"loc":{"start":{"line":319,"column":45},"end":{"line":342,"column":1}},"line":319},"10":{"name":"(anonymous_10)","decl":{"start":{"line":322,"column":21},"end":{"line":322,"column":22}},"loc":{"start":{"line":322,"column":29},"end":{"line":339,"column":5}},"line":322},"11":{"name":"(anonymous_11)","decl":{"start":{"line":356,"column":31},"end":{"line":356,"column":32}},"loc":{"start":{"line":356,"column":45},"end":{"line":385,"column":1}},"line":356},"12":{"name":"(anonymous_12)","decl":{"start":{"line":358,"column":21},"end":{"line":358,"column":22}},"loc":{"start":{"line":358,"column":29},"end":{"line":383,"column":5}},"line":358},"13":{"name":"(anonymous_13)","decl":{"start":{"line":401,"column":40},"end":{"line":401,"column":41}},"loc":{"start":{"line":401,"column":54},"end":{"line":429,"column":1}},"line":401},"14":{"name":"(anonymous_14)","decl":{"start":{"line":403,"column":21},"end":{"line":403,"column":22}},"loc":{"start":{"line":403,"column":29},"end":{"line":427,"column":5}},"line":403}},"branchMap":{"0":{"loc":{"start":{"line":44,"column":8},"end":{"line":56,"column":9}},"type":"if","locations":[{"start":{"line":44,"column":8},"end":{"line":56,"column":9}},{"start":{"line":44,"column":8},"end":{"line":56,"column":9}}],"line":44},"1":{"loc":{"start":{"line":78,"column":8},"end":{"line":92,"column":9}},"type":"if","locations":[{"start":{"line":78,"column":8},"end":{"line":92,"column":9}},{"start":{"line":78,"column":8},"end":{"line":92,"column":9}}],"line":78},"2":{"loc":{"start":{"line":78,"column":12},"end":{"line":78,"column":129}},"type":"binary-expr","locations":[{"start":{"line":78,"column":12},"end":{"line":78,"column":66}},{"start":{"line":78,"column":70},"end":{"line":78,"column":129}}],"line":78},"3":{"loc":{"start":{"line":83,"column":12},"end":{"line":85,"column":13}},"type":"if","locations":[{"start":{"line":83,"column":12},"end":{"line":85,"column":13}},{"start":{"line":83,"column":12},"end":{"line":85,"column":13}}],"line":83},"4":{"loc":{"start":{"line":103,"column":4},"end":{"line":123,"column":5}},"type":"if","locations":[{"start":{"line":103,"column":4},"end":{"line":123,"column":5}},{"start":{"line":103,"column":4},"end":{"line":123,"column":5}}],"line":103},"5":{"loc":{"start":{"line":106,"column":9},"end":{"line":123,"column":5}},"type":"if","locations":[{"start":{"line":106,"column":9},"end":{"line":123,"column":5}},{"start":{"line":106,"column":9},"end":{"line":123,"column":5}}],"line":106},"6":{"loc":{"start":{"line":109,"column":9},"end":{"line":123,"column":5}},"type":"if","locations":[{"start":{"line":109,"column":9},"end":{"line":123,"column":5}},{"start":{"line":109,"column":9},"end":{"line":123,"column":5}}],"line":109},"7":{"loc":{"start":{"line":112,"column":9},"end":{"line":123,"column":5}},"type":"if","locations":[{"start":{"line":112,"column":9},"end":{"line":123,"column":5}},{"start":{"line":112,"column":9},"end":{"line":123,"column":5}}],"line":112},"8":{"loc":{"start":{"line":115,"column":9},"end":{"line":123,"column":5}},"type":"if","locations":[{"start":{"line":115,"column":9},"end":{"line":123,"column":5}},{"start":{"line":115,"column":9},"end":{"line":123,"column":5}}],"line":115},"9":{"loc":{"start":{"line":118,"column":9},"end":{"line":123,"column":5}},"type":"if","locations":[{"start":{"line":118,"column":9},"end":{"line":123,"column":5}},{"start":{"line":118,"column":9},"end":{"line":123,"column":5}}],"line":118},"10":{"loc":{"start":{"line":121,"column":9},"end":{"line":123,"column":5}},"type":"if","locations":[{"start":{"line":121,"column":9},"end":{"line":123,"column":5}},{"start":{"line":121,"column":9},"end":{"line":123,"column":5}}],"line":121},"11":{"loc":{"start":{"line":171,"column":8},"end":{"line":216,"column":9}},"type":"if","locations":[{"start":{"line":171,"column":8},"end":{"line":216,"column":9}},{"start":{"line":171,"column":8},"end":{"line":216,"column":9}}],"line":171},"12":{"loc":{"start":{"line":261,"column":8},"end":{"line":301,"column":9}},"type":"if","locations":[{"start":{"line":261,"column":8},"end":{"line":301,"column":9}},{"start":{"line":261,"column":8},"end":{"line":301,"column":9}}],"line":261},"13":{"loc":{"start":{"line":324,"column":8},"end":{"line":338,"column":9}},"type":"if","locations":[{"start":{"line":324,"column":8},"end":{"line":338,"column":9}},{"start":{"line":324,"column":8},"end":{"line":338,"column":9}}],"line":324},"14":{"loc":{"start":{"line":360,"column":8},"end":{"line":382,"column":9}},"type":"if","locations":[{"start":{"line":360,"column":8},"end":{"line":382,"column":9}},{"start":{"line":360,"column":8},"end":{"line":382,"column":9}}],"line":360},"15":{"loc":{"start":{"line":407,"column":8},"end":{"line":426,"column":9}},"type":"if","locations":[{"start":{"line":407,"column":8},"end":{"line":426,"column":9}},{"start":{"line":407,"column":8},"end":{"line":426,"column":9}}],"line":407}},"s":{"0":3,"1":3,"2":3,"3":6,"4":6,"5":4,"6":4,"7":2,"8":2,"9":2,"10":2,"11":3,"12":3,"13":3,"14":3,"15":6,"16":6,"17":6,"18":4,"19":4,"20":4,"21":4,"22":2,"23":2,"24":2,"25":3,"26":3,"27":6,"28":6,"29":0,"30":6,"31":0,"32":6,"33":4,"34":2,"35":1,"36":1,"37":1,"38":0,"39":0,"40":0,"41":0,"42":3,"43":3,"44":3,"45":6,"46":6,"47":6,"48":4,"49":4,"50":4,"51":4,"52":2,"53":2,"54":2,"55":2,"56":3,"57":3,"58":3,"59":3,"60":6,"61":6,"62":6,"63":4,"64":4,"65":4,"66":4,"67":2,"68":2,"69":2,"70":3,"71":3,"72":3,"73":3,"74":3,"75":6,"76":6,"77":4,"78":4,"79":4,"80":2,"81":2,"82":2,"83":2,"84":2,"85":3,"86":3,"87":5,"88":5,"89":9,"90":9,"91":6,"92":3,"93":5,"94":3,"95":2,"96":2,"97":3,"98":3,"99":3,"100":3,"101":2,"102":2,"103":2,"104":2,"105":2,"106":1,"107":1,"108":1,"109":2},"f":{"0":3,"1":6,"2":3,"3":6,"4":6,"5":3,"6":6,"7":3,"8":6,"9":3,"10":6,"11":5,"12":9,"13":2,"14":3},"b":{"0":[4,2],"1":[4,2],"2":[6,2],"3":[4,0],"4":[0,6],"5":[0,6],"6":[4,2],"7":[1,1],"8":[1,0],"9":[0,0],"10":[0,0],"11":[4,2],"12":[4,2],"13":[4,2],"14":[6,3],"15":[2,1]},"_coverageSchema":"332fd63041d2c1bcb487cc26dd0d5f7d97098a6c","hash":"d98941dc78b74aa30e98596b241e20956174fda6"}
,"/Users/shofi/Desktop/PooledHouse/front-end/src/Components/ProcessTips/ViewProcessedTips.js": {"path":"/Users/shofi/Desktop/PooledHouse/front-end/src/Components/ProcessTips/ViewProcessedTips.js","statementMap":{"0":{"start":{"line":12,"column":16},"end":{"line":12,"column":40}},"1":{"start":{"line":14,"column":24},"end":{"line":145,"column":1}},"2":{"start":{"line":20,"column":19},"end":{"line":20,"column":32}},"3":{"start":{"line":21,"column":15},"end":{"line":21,"column":17}},"4":{"start":{"line":22,"column":4},"end":{"line":142,"column":5}},"5":{"start":{"line":23,"column":30},"end":{"line":23,"column":69}},"6":{"start":{"line":24,"column":8},"end":{"line":33,"column":11}},"7":{"start":{"line":25,"column":12},"end":{"line":32,"column":20}},"8":{"start":{"line":37,"column":9},"end":{"line":142,"column":5}},"9":{"start":{"line":38,"column":30},"end":{"line":38,"column":72}},"10":{"start":{"line":39,"column":8},"end":{"line":57,"column":10}},"11":{"start":{"line":40,"column":11},"end":{"line":40,"column":30}},"12":{"start":{"line":41,"column":11},"end":{"line":56,"column":13}},"13":{"start":{"line":59,"column":7},"end":{"line":74,"column":15}},"14":{"start":{"line":78,"column":9},"end":{"line":142,"column":5}},"15":{"start":{"line":79,"column":30},"end":{"line":79,"column":69}},"16":{"start":{"line":80,"column":8},"end":{"line":96,"column":10}},"17":{"start":{"line":81,"column":11},"end":{"line":81,"column":30}},"18":{"start":{"line":82,"column":11},"end":{"line":95,"column":13}},"19":{"start":{"line":98,"column":7},"end":{"line":111,"column":15}},"20":{"start":{"line":113,"column":9},"end":{"line":142,"column":5}},"21":{"start":{"line":114,"column":30},"end":{"line":114,"column":68}},"22":{"start":{"line":115,"column":8},"end":{"line":115,"column":24}},"23":{"start":{"line":116,"column":8},"end":{"line":116,"column":35}},"24":{"start":{"line":117,"column":8},"end":{"line":129,"column":11}},"25":{"start":{"line":118,"column":12},"end":{"line":118,"column":29}},"26":{"start":{"line":119,"column":12},"end":{"line":128,"column":14}},"27":{"start":{"line":131,"column":8},"end":{"line":141,"column":16}},"28":{"start":{"line":144,"column":4},"end":{"line":144,"column":16}}},"fnMap":{"0":{"name":"(anonymous_0)","decl":{"start":{"line":14,"column":24},"end":{"line":14,"column":25}},"loc":{"start":{"line":14,"column":35},"end":{"line":145,"column":1}},"line":14},"1":{"name":"(anonymous_1)","decl":{"start":{"line":24,"column":46},"end":{"line":24,"column":47}},"loc":{"start":{"line":24,"column":54},"end":{"line":33,"column":9}},"line":24},"2":{"name":"(anonymous_2)","decl":{"start":{"line":39,"column":46},"end":{"line":39,"column":47}},"loc":{"start":{"line":39,"column":55},"end":{"line":57,"column":8}},"line":39},"3":{"name":"(anonymous_3)","decl":{"start":{"line":80,"column":46},"end":{"line":80,"column":47}},"loc":{"start":{"line":80,"column":55},"end":{"line":96,"column":8}},"line":80},"4":{"name":"(anonymous_4)","decl":{"start":{"line":117,"column":46},"end":{"line":117,"column":47}},"loc":{"start":{"line":117,"column":53},"end":{"line":129,"column":9}},"line":117}},"branchMap":{"0":{"loc":{"start":{"line":22,"column":4},"end":{"line":142,"column":5}},"type":"if","locations":[{"start":{"line":22,"column":4},"end":{"line":142,"column":5}},{"start":{"line":22,"column":4},"end":{"line":142,"column":5}}],"line":22},"1":{"loc":{"start":{"line":37,"column":9},"end":{"line":142,"column":5}},"type":"if","locations":[{"start":{"line":37,"column":9},"end":{"line":142,"column":5}},{"start":{"line":37,"column":9},"end":{"line":142,"column":5}}],"line":37},"2":{"loc":{"start":{"line":78,"column":9},"end":{"line":142,"column":5}},"type":"if","locations":[{"start":{"line":78,"column":9},"end":{"line":142,"column":5}},{"start":{"line":78,"column":9},"end":{"line":142,"column":5}}],"line":78},"3":{"loc":{"start":{"line":113,"column":9},"end":{"line":142,"column":5}},"type":"if","locations":[{"start":{"line":113,"column":9},"end":{"line":142,"column":5}},{"start":{"line":113,"column":9},"end":{"line":142,"column":5}}],"line":113}},"s":{"0":1,"1":1,"2":0,"3":0,"4":0,"5":0,"6":0,"7":0,"8":0,"9":0,"10":0,"11":0,"12":0,"13":0,"14":0,"15":0,"16":0,"17":0,"18":0,"19":0,"20":0,"21":0,"22":0,"23":0,"24":0,"25":0,"26":0,"27":0,"28":0},"f":{"0":0,"1":0,"2":0,"3":0,"4":0},"b":{"0":[0,0],"1":[0,0],"2":[0,0],"3":[0,0]},"_coverageSchema":"332fd63041d2c1bcb487cc26dd0d5f7d97098a6c","hash":"51130a5daadf2e5b14ce250cf052e40be3f463a5"}
,"/Users/shofi/Desktop/PooledHouse/front-end/src/Components/ReactNYC/ReactNYC.js": {"path":"/Users/shofi/Desktop/PooledHouse/front-end/src/Components/ReactNYC/ReactNYC.js","statementMap":{"0":{"start":{"line":9,"column":4},"end":{"line":9,"column":12}},"1":{"start":{"line":10,"column":4},"end":{"line":10,"column":45}},"2":{"start":{"line":11,"column":4},"end":{"line":11,"column":39}},"3":{"start":{"line":12,"column":4},"end":{"line":12,"column":61}},"4":{"start":{"line":13,"column":4},"end":{"line":13,"column":61}},"5":{"start":{"line":18,"column":4},"end":{"line":18,"column":102}},"6":{"start":{"line":18,"column":57},"end":{"line":18,"column":99}},"7":{"start":{"line":18,"column":81},"end":{"line":18,"column":99}},"8":{"start":{"line":19,"column":4},"end":{"line":19,"column":37}},"9":{"start":{"line":23,"column":37},"end":{"line":23,"column":111}},"10":{"start":{"line":24,"column":17},"end":{"line":24,"column":103}},"11":{"start":{"line":25,"column":4},"end":{"line":25,"column":72}},"12":{"start":{"line":26,"column":4},"end":{"line":26,"column":18}},"13":{"start":{"line":30,"column":42},"end":{"line":30,"column":104}},"14":{"start":{"line":31,"column":4},"end":{"line":31,"column":129}},"15":{"start":{"line":32,"column":4},"end":{"line":32,"column":32}},"16":{"start":{"line":36,"column":4},"end":{"line":36,"column":38}},"17":{"start":{"line":40,"column":28},"end":{"line":40,"column":47}},"18":{"start":{"line":41,"column":24},"end":{"line":41,"column":26}},"19":{"start":{"line":42,"column":23},"end":{"line":42,"column":80}},"20":{"start":{"line":44,"column":4},"end":{"line":96,"column":5}},"21":{"start":{"line":62,"column":27},"end":{"line":62,"column":54}},"22":{"start":{"line":63,"column":23},"end":{"line":63,"column":27}},"23":{"start":{"line":64,"column":12},"end":{"line":64,"column":131}},"24":{"start":{"line":64,"column":97},"end":{"line":64,"column":127}},"25":{"start":{"line":64,"column":117},"end":{"line":64,"column":127}},"26":{"start":{"line":66,"column":12},"end":{"line":91,"column":13}},"27":{"start":{"line":67,"column":31},"end":{"line":67,"column":35}},"28":{"start":{"line":68,"column":14},"end":{"line":68,"column":118}},"29":{"start":{"line":68,"column":63},"end":{"line":68,"column":114}},"30":{"start":{"line":68,"column":90},"end":{"line":68,"column":114}},"31":{"start":{"line":69,"column":14},"end":{"line":90,"column":15}},"32":{"start":{"line":74,"column":42},"end":{"line":74,"column":99}},"33":{"start":{"line":75,"column":41},"end":{"line":75,"column":69}},"34":{"start":{"line":82,"column":68},"end":{"line":82,"column":111}}},"fnMap":{"0":{"name":"(anonymous_0)","decl":{"start":{"line":8,"column":2},"end":{"line":8,"column":3}},"loc":{"start":{"line":8,"column":16},"end":{"line":14,"column":3}},"line":8},"1":{"name":"(anonymous_1)","decl":{"start":{"line":16,"column":2},"end":{"line":16,"column":3}},"loc":{"start":{"line":16,"column":18},"end":{"line":20,"column":3}},"line":16},"2":{"name":"(anonymous_2)","decl":{"start":{"line":18,"column":47},"end":{"line":18,"column":48}},"loc":{"start":{"line":18,"column":55},"end":{"line":18,"column":100}},"line":18},"3":{"name":"(anonymous_3)","decl":{"start":{"line":22,"column":2},"end":{"line":22,"column":3}},"loc":{"start":{"line":22,"column":17},"end":{"line":27,"column":3}},"line":22},"4":{"name":"(anonymous_4)","decl":{"start":{"line":29,"column":2},"end":{"line":29,"column":3}},"loc":{"start":{"line":29,"column":32},"end":{"line":33,"column":3}},"line":29},"5":{"name":"(anonymous_5)","decl":{"start":{"line":35,"column":2},"end":{"line":35,"column":3}},"loc":{"start":{"line":35,"column":26},"end":{"line":37,"column":3}},"line":35},"6":{"name":"(anonymous_6)","decl":{"start":{"line":39,"column":2},"end":{"line":39,"column":3}},"loc":{"start":{"line":39,"column":11},"end":{"line":97,"column":3}},"line":39},"7":{"name":"(anonymous_7)","decl":{"start":{"line":61,"column":32},"end":{"line":61,"column":33}},"loc":{"start":{"line":61,"column":49},"end":{"line":92,"column":11}},"line":61},"8":{"name":"(anonymous_8)","decl":{"start":{"line":64,"column":87},"end":{"line":64,"column":88}},"loc":{"start":{"line":64,"column":95},"end":{"line":64,"column":129}},"line":64},"9":{"name":"(anonymous_9)","decl":{"start":{"line":68,"column":53},"end":{"line":68,"column":54}},"loc":{"start":{"line":68,"column":61},"end":{"line":68,"column":116}},"line":68},"10":{"name":"(anonymous_10)","decl":{"start":{"line":74,"column":33},"end":{"line":74,"column":34}},"loc":{"start":{"line":74,"column":42},"end":{"line":74,"column":99}},"line":74},"11":{"name":"(anonymous_11)","decl":{"start":{"line":75,"column":32},"end":{"line":75,"column":33}},"loc":{"start":{"line":75,"column":41},"end":{"line":75,"column":69}},"line":75},"12":{"name":"(anonymous_12)","decl":{"start":{"line":82,"column":55},"end":{"line":82,"column":56}},"loc":{"start":{"line":82,"column":68},"end":{"line":82,"column":111}},"line":82}},"branchMap":{"0":{"loc":{"start":{"line":18,"column":4},"end":{"line":18,"column":101}},"type":"binary-expr","locations":[{"start":{"line":18,"column":4},"end":{"line":18,"column":19}},{"start":{"line":18,"column":23},"end":{"line":18,"column":101}}],"line":18},"1":{"loc":{"start":{"line":18,"column":57},"end":{"line":18,"column":99}},"type":"if","locations":[{"start":{"line":18,"column":57},"end":{"line":18,"column":99}},{"start":{"line":18,"column":57},"end":{"line":18,"column":99}}],"line":18},"2":{"loc":{"start":{"line":19,"column":11},"end":{"line":19,"column":36}},"type":"cond-expr","locations":[{"start":{"line":19,"column":19},"end":{"line":19,"column":24}},{"start":{"line":19,"column":27},"end":{"line":19,"column":36}}],"line":19},"3":{"loc":{"start":{"line":24,"column":17},"end":{"line":24,"column":103}},"type":"cond-expr","locations":[{"start":{"line":24,"column":48},"end":{"line":24,"column":76}},{"start":{"line":24,"column":79},"end":{"line":24,"column":103}}],"line":24},"4":{"loc":{"start":{"line":31,"column":26},"end":{"line":31,"column":127}},"type":"cond-expr","locations":[{"start":{"line":31,"column":62},"end":{"line":31,"column":95}},{"start":{"line":31,"column":98},"end":{"line":31,"column":127}}],"line":31},"5":{"loc":{"start":{"line":42,"column":23},"end":{"line":42,"column":80}},"type":"cond-expr","locations":[{"start":{"line":42,"column":47},"end":{"line":42,"column":68}},{"start":{"line":42,"column":71},"end":{"line":42,"column":80}}],"line":42},"6":{"loc":{"start":{"line":47,"column":21},"end":{"line":47,"column":71}},"type":"cond-expr","locations":[{"start":{"line":47,"column":44},"end":{"line":47,"column":64}},{"start":{"line":47,"column":67},"end":{"line":47,"column":71}}],"line":47},"7":{"loc":{"start":{"line":49,"column":18},"end":{"line":49,"column":79}},"type":"cond-expr","locations":[{"start":{"line":49,"column":41},"end":{"line":49,"column":61}},{"start":{"line":49,"column":64},"end":{"line":49,"column":79}}],"line":49},"8":{"loc":{"start":{"line":50,"column":16},"end":{"line":50,"column":69}},"type":"cond-expr","locations":[{"start":{"line":50,"column":37},"end":{"line":50,"column":55}},{"start":{"line":50,"column":58},"end":{"line":50,"column":69}}],"line":50},"9":{"loc":{"start":{"line":60,"column":10},"end":{"line":92,"column":12}},"type":"binary-expr","locations":[{"start":{"line":60,"column":11},"end":{"line":60,"column":48}},{"start":{"line":60,"column":52},"end":{"line":60,"column":77}},{"start":{"line":61,"column":10},"end":{"line":92,"column":12}}],"line":60},"10":{"loc":{"start":{"line":64,"column":12},"end":{"line":64,"column":130}},"type":"binary-expr","locations":[{"start":{"line":64,"column":12},"end":{"line":64,"column":43}},{"start":{"line":64,"column":47},"end":{"line":64,"column":130}}],"line":64},"11":{"loc":{"start":{"line":64,"column":97},"end":{"line":64,"column":127}},"type":"if","locations":[{"start":{"line":64,"column":97},"end":{"line":64,"column":127}},{"start":{"line":64,"column":97},"end":{"line":64,"column":127}}],"line":64},"12":{"loc":{"start":{"line":66,"column":12},"end":{"line":91,"column":13}},"type":"if","locations":[{"start":{"line":66,"column":12},"end":{"line":91,"column":13}},{"start":{"line":66,"column":12},"end":{"line":91,"column":13}}],"line":66},"13":{"loc":{"start":{"line":68,"column":14},"end":{"line":68,"column":117}},"type":"binary-expr","locations":[{"start":{"line":68,"column":14},"end":{"line":68,"column":29}},{"start":{"line":68,"column":33},"end":{"line":68,"column":117}}],"line":68},"14":{"loc":{"start":{"line":68,"column":63},"end":{"line":68,"column":114}},"type":"if","locations":[{"start":{"line":68,"column":63},"end":{"line":68,"column":114}},{"start":{"line":68,"column":63},"end":{"line":68,"column":114}}],"line":68},"15":{"loc":{"start":{"line":78,"column":20},"end":{"line":86,"column":24}},"type":"cond-expr","locations":[{"start":{"line":79,"column":20},"end":{"line":84,"column":30}},{"start":{"line":86,"column":20},"end":{"line":86,"column":24}}],"line":78},"16":{"loc":{"start":{"line":78,"column":20},"end":{"line":78,"column":72}},"type":"binary-expr","locations":[{"start":{"line":78,"column":20},"end":{"line":78,"column":50}},{"start":{"line":78,"column":54},"end":{"line":78,"column":72}}],"line":78},"17":{"loc":{"start":{"line":79,"column":49},"end":{"line":79,"column":107}},"type":"cond-expr","locations":[{"start":{"line":79,"column":76},"end":{"line":79,"column":100}},{"start":{"line":79,"column":102},"end":{"line":79,"column":107}}],"line":79},"18":{"loc":{"start":{"line":82,"column":26},"end":{"line":82,"column":112}},"type":"binary-expr","locations":[{"start":{"line":82,"column":26},"end":{"line":82,"column":36}},{"start":{"line":82,"column":40},"end":{"line":82,"column":112}}],"line":82}},"s":{"0":0,"1":0,"2":0,"3":0,"4":0,"5":0,"6":0,"7":0,"8":0,"9":0,"10":0,"11":0,"12":0,"13":0,"14":0,"15":0,"16":0,"17":0,"18":0,"19":0,"20":0,"21":0,"22":0,"23":0,"24":0,"25":0,"26":0,"27":0,"28":0,"29":0,"30":0,"31":0,"32":0,"33":0,"34":0},"f":{"0":0,"1":0,"2":0,"3":0,"4":0,"5":0,"6":0,"7":0,"8":0,"9":0,"10":0,"11":0,"12":0},"b":{"0":[0,0],"1":[0,0],"2":[0,0],"3":[0,0],"4":[0,0],"5":[0,0],"6":[0,0],"7":[0,0],"8":[0,0],"9":[0,0,0],"10":[0,0],"11":[0,0],"12":[0,0],"13":[0,0],"14":[0,0],"15":[0,0],"16":[0,0],"17":[0,0],"18":[0,0]},"_coverageSchema":"332fd63041d2c1bcb487cc26dd0d5f7d97098a6c","hash":"f3e3875cd012b6787bf862b388ef23fe412cf583"}
,"/Users/shofi/Desktop/PooledHouse/front-end/src/Components/ReactNYC/nyc.js": {"path":"/Users/shofi/Desktop/PooledHouse/front-end/src/Components/ReactNYC/nyc.js","statementMap":{"0":{"start":{"line":1,"column":22},"end":{"line":2,"column":294030}}},"fnMap":{},"branchMap":{},"s":{"0":2},"f":{},"b":{},"_coverageSchema":"332fd63041d2c1bcb487cc26dd0d5f7d97098a6c","hash":"61c36259403a3d5aa6ffb9270802907614b9efe0"}
,"/Users/shofi/Desktop/PooledHouse/front-end/src/Components/TipInfoForm/TipInfoForm.js": {"path":"/Users/shofi/Desktop/PooledHouse/front-end/src/Components/TipInfoForm/TipInfoForm.js","statementMap":{"0":{"start":{"line":17,"column":8},"end":{"line":17,"column":21}},"1":{"start":{"line":18,"column":8},"end":{"line":31,"column":9}},"2":{"start":{"line":32,"column":8},"end":{"line":32,"column":57}},"3":{"start":{"line":33,"column":8},"end":{"line":33,"column":57}},"4":{"start":{"line":37,"column":8},"end":{"line":37,"column":58}},"5":{"start":{"line":41,"column":8},"end":{"line":41,"column":27}},"6":{"start":{"line":42,"column":18},"end":{"line":56,"column":9}},"7":{"start":{"line":57,"column":8},"end":{"line":76,"column":9}},"8":{"start":{"line":58,"column":12},"end":{"line":58,"column":88}},"9":{"start":{"line":59,"column":12},"end":{"line":59,"column":30}},"10":{"start":{"line":60,"column":12},"end":{"line":72,"column":14}},"11":{"start":{"line":74,"column":12},"end":{"line":74,"column":58}},"12":{"start":{"line":75,"column":12},"end":{"line":75,"column":37}},"13":{"start":{"line":80,"column":27},"end":{"line":80,"column":64}},"14":{"start":{"line":81,"column":17},"end":{"line":81,"column":38}},"15":{"start":{"line":82,"column":8},"end":{"line":84,"column":10}},"16":{"start":{"line":89,"column":30},"end":{"line":98,"column":32}},"17":{"start":{"line":100,"column":23},"end":{"line":100,"column":25}},"18":{"start":{"line":102,"column":8},"end":{"line":104,"column":10}},"19":{"start":{"line":103,"column":12},"end":{"line":103,"column":71}},"20":{"start":{"line":117,"column":16},"end":{"line":117,"column":26}},"21":{"start":{"line":119,"column":8},"end":{"line":273,"column":10}},"22":{"start":{"line":257,"column":40},"end":{"line":259,"column":41}},"23":{"start":{"line":265,"column":49},"end":{"line":265,"column":70}}},"fnMap":{"0":{"name":"(anonymous_0)","decl":{"start":{"line":16,"column":4},"end":{"line":16,"column":5}},"loc":{"start":{"line":16,"column":23},"end":{"line":34,"column":5}},"line":16},"1":{"name":"(anonymous_1)","decl":{"start":{"line":36,"column":19},"end":{"line":36,"column":20}},"loc":{"start":{"line":36,"column":26},"end":{"line":38,"column":5}},"line":36},"2":{"name":"(anonymous_2)","decl":{"start":{"line":40,"column":4},"end":{"line":40,"column":5}},"loc":{"start":{"line":40,"column":26},"end":{"line":77,"column":5}},"line":40},"3":{"name":"(anonymous_3)","decl":{"start":{"line":79,"column":4},"end":{"line":79,"column":5}},"loc":{"start":{"line":79,"column":30},"end":{"line":85,"column":5}},"line":79},"4":{"name":"(anonymous_4)","decl":{"start":{"line":87,"column":4},"end":{"line":87,"column":5}},"loc":{"start":{"line":87,"column":14},"end":{"line":274,"column":5}},"line":87},"5":{"name":"(anonymous_5)","decl":{"start":{"line":102,"column":30},"end":{"line":102,"column":31}},"loc":{"start":{"line":102,"column":53},"end":{"line":104,"column":9}},"line":102},"6":{"name":"(anonymous_6)","decl":{"start":{"line":256,"column":56},"end":{"line":256,"column":57}},"loc":{"start":{"line":256,"column":81},"end":{"line":260,"column":37}},"line":256},"7":{"name":"(anonymous_7)","decl":{"start":{"line":265,"column":41},"end":{"line":265,"column":42}},"loc":{"start":{"line":265,"column":49},"end":{"line":265,"column":70}},"line":265}},"branchMap":{},"s":{"0":1,"1":1,"2":1,"3":1,"4":0,"5":0,"6":0,"7":0,"8":0,"9":0,"10":0,"11":0,"12":0,"13":1,"14":0,"15":0,"16":1,"17":1,"18":1,"19":38,"20":1,"21":1,"22":38,"23":0},"f":{"0":1,"1":0,"2":0,"3":1,"4":1,"5":38,"6":38,"7":0},"b":{},"_coverageSchema":"332fd63041d2c1bcb487cc26dd0d5f7d97098a6c","hash":"2c85f8872998b3bb0471e7cf1ecadde5802780c8"}
,"/Users/shofi/Desktop/PooledHouse/front-end/src/Components/UserTips/UserAccountSummaryFunctions.js": {"path":"/Users/shofi/Desktop/PooledHouse/front-end/src/Components/UserTips/UserAccountSummaryFunctions.js","statementMap":{"0":{"start":{"line":3,"column":16},"end":{"line":12,"column":1}},"1":{"start":{"line":4,"column":3},"end":{"line":11,"column":4}},"2":{"start":{"line":6,"column":7},"end":{"line":6,"column":16}},"3":{"start":{"line":9,"column":4},"end":{"line":9,"column":40}},"4":{"start":{"line":10,"column":4},"end":{"line":10,"column":46}}},"fnMap":{"0":{"name":"(anonymous_0)","decl":{"start":{"line":3,"column":16},"end":{"line":3,"column":17}},"loc":{"start":{"line":3,"column":36},"end":{"line":12,"column":1}},"line":3}},"branchMap":{"0":{"loc":{"start":{"line":4,"column":3},"end":{"line":11,"column":4}},"type":"if","locations":[{"start":{"line":4,"column":3},"end":{"line":11,"column":4}},{"start":{"line":4,"column":3},"end":{"line":11,"column":4}}],"line":4}},"s":{"0":1,"1":2,"2":1,"3":1,"4":1},"f":{"0":2},"b":{"0":[1,1]},"_coverageSchema":"332fd63041d2c1bcb487cc26dd0d5f7d97098a6c","hash":"1562a93ea53f4e8f9ca77e38ac16b54aaa61dcf2"}
,"/Users/shofi/Desktop/PooledHouse/front-end/src/Components/ViewTipInfo/CompanyDescription.js": {"path":"/Users/shofi/Desktop/PooledHouse/front-end/src/Components/ViewTipInfo/CompanyDescription.js","statementMap":{"0":{"start":{"line":4,"column":20},"end":{"line":35,"column":1}},"1":{"start":{"line":5,"column":14},"end":{"line":5,"column":15}},"2":{"start":{"line":6,"column":22},"end":{"line":17,"column":6}},"3":{"start":{"line":7,"column":8},"end":{"line":16,"column":9}},"4":{"start":{"line":20,"column":8},"end":{"line":32,"column":14}},"5":{"start":{"line":34,"column":4},"end":{"line":34,"column":16}}},"fnMap":{"0":{"name":"(anonymous_0)","decl":{"start":{"line":4,"column":20},"end":{"line":4,"column":21}},"loc":{"start":{"line":4,"column":31},"end":{"line":35,"column":1}},"line":4},"1":{"name":"(anonymous_1)","decl":{"start":{"line":6,"column":55},"end":{"line":6,"column":56}},"loc":{"start":{"line":6,"column":62},"end":{"line":17,"column":5}},"line":6}},"branchMap":{},"s":{"0":3,"1":4,"2":4,"3":5,"4":4,"5":4},"f":{"0":4,"1":5},"b":{},"_coverageSchema":"332fd63041d2c1bcb487cc26dd0d5f7d97098a6c","hash":"b68c538a229577d1454058eadcf5265d9f0297a4"}
,"/Users/shofi/Desktop/PooledHouse/front-end/src/Components/ViewTipInfo/PositionOption.js": {"path":"/Users/shofi/Desktop/PooledHouse/front-end/src/Components/ViewTipInfo/PositionOption.js","statementMap":{"0":{"start":{"line":11,"column":23},"end":{"line":30,"column":1}},"1":{"start":{"line":13,"column":8},"end":{"line":27,"column":15}},"2":{"start":{"line":18,"column":36},"end":{"line":18,"column":57}},"3":{"start":{"line":29,"column":6},"end":{"line":29,"column":28}}},"fnMap":{"0":{"name":"(anonymous_0)","decl":{"start":{"line":11,"column":23},"end":{"line":11,"column":24}},"loc":{"start":{"line":11,"column":34},"end":{"line":30,"column":1}},"line":11},"1":{"name":"(anonymous_1)","decl":{"start":{"line":18,"column":26},"end":{"line":18,"column":27}},"loc":{"start":{"line":18,"column":35},"end":{"line":18,"column":58}},"line":18}},"branchMap":{},"s":{"0":1,"1":0,"2":0,"3":0},"f":{"0":0,"1":0},"b":{},"_coverageSchema":"332fd63041d2c1bcb487cc26dd0d5f7d97098a6c","hash":"db9f1aaade99f42b0059717e387bd99e26e4411d"}
,"/Users/shofi/Desktop/PooledHouse/front-end/src/Components/ViewTipInfo/ViewBarChart.js": {"path":"/Users/shofi/Desktop/PooledHouse/front-end/src/Components/ViewTipInfo/ViewBarChart.js","statementMap":{"0":{"start":{"line":4,"column":17},"end":{"line":15,"column":1}},"1":{"start":{"line":5,"column":1},"end":{"line":14,"column":2}},"2":{"start":{"line":17,"column":22},"end":{"line":26,"column":1}},"3":{"start":{"line":18,"column":1},"end":{"line":25,"column":2}},"4":{"start":{"line":48,"column":19},"end":{"line":62,"column":1}},"5":{"start":{"line":49,"column":1},"end":{"line":61,"column":2}},"6":{"start":{"line":64,"column":20},"end":{"line":93,"column":1}},"7":{"start":{"line":65,"column":12},"end":{"line":65,"column":14}},"8":{"start":{"line":66,"column":13},"end":{"line":66,"column":15}},"9":{"start":{"line":67,"column":1},"end":{"line":78,"column":2}},"10":{"start":{"line":68,"column":2},"end":{"line":68,"column":44}},"11":{"start":{"line":69,"column":2},"end":{"line":69,"column":37}},"12":{"start":{"line":71,"column":6},"end":{"line":78,"column":2}},"13":{"start":{"line":72,"column":2},"end":{"line":72,"column":34}},"14":{"start":{"line":73,"column":2},"end":{"line":73,"column":31}},"15":{"start":{"line":75,"column":6},"end":{"line":78,"column":2}},"16":{"start":{"line":76,"column":2},"end":{"line":76,"column":41}},"17":{"start":{"line":77,"column":2},"end":{"line":77,"column":34}},"18":{"start":{"line":87,"column":4},"end":{"line":92,"column":6}}},"fnMap":{"0":{"name":"(anonymous_0)","decl":{"start":{"line":4,"column":17},"end":{"line":4,"column":18}},"loc":{"start":{"line":4,"column":30},"end":{"line":15,"column":1}},"line":4},"1":{"name":"(anonymous_1)","decl":{"start":{"line":17,"column":22},"end":{"line":17,"column":23}},"loc":{"start":{"line":17,"column":35},"end":{"line":26,"column":1}},"line":17},"2":{"name":"(anonymous_2)","decl":{"start":{"line":48,"column":19},"end":{"line":48,"column":20}},"loc":{"start":{"line":48,"column":32},"end":{"line":62,"column":1}},"line":48},"3":{"name":"(anonymous_3)","decl":{"start":{"line":64,"column":20},"end":{"line":64,"column":21}},"loc":{"start":{"line":64,"column":31},"end":{"line":93,"column":1}},"line":64}},"branchMap":{"0":{"loc":{"start":{"line":67,"column":1},"end":{"line":78,"column":2}},"type":"if","locations":[{"start":{"line":67,"column":1},"end":{"line":78,"column":2}},{"start":{"line":67,"column":1},"end":{"line":78,"column":2}}],"line":67},"1":{"loc":{"start":{"line":71,"column":6},"end":{"line":78,"column":2}},"type":"if","locations":[{"start":{"line":71,"column":6},"end":{"line":78,"column":2}},{"start":{"line":71,"column":6},"end":{"line":78,"column":2}}],"line":71},"2":{"loc":{"start":{"line":75,"column":6},"end":{"line":78,"column":2}},"type":"if","locations":[{"start":{"line":75,"column":6},"end":{"line":78,"column":2}},{"start":{"line":75,"column":6},"end":{"line":78,"column":2}}],"line":75}},"s":{"0":3,"1":0,"2":3,"3":1,"4":3,"5":0,"6":3,"7":1,"8":1,"9":1,"10":1,"11":1,"12":0,"13":0,"14":0,"15":0,"16":0,"17":0,"18":1},"f":{"0":0,"1":1,"2":0,"3":1},"b":{"0":[1,0],"1":[0,0],"2":[0,0]},"_coverageSchema":"332fd63041d2c1bcb487cc26dd0d5f7d97098a6c","hash":"5c1fd324ae4922f65f71f9fb984d1707f5aeb720"}
,"/Users/shofi/Desktop/PooledHouse/front-end/src/Components/ViewTipInfo/ViewCompany.js": {"path":"/Users/shofi/Desktop/PooledHouse/front-end/src/Components/ViewTipInfo/ViewCompany.js","statementMap":{"0":{"start":{"line":9,"column":16},"end":{"line":9,"column":53}},"1":{"start":{"line":13,"column":8},"end":{"line":13,"column":21}},"2":{"start":{"line":14,"column":8},"end":{"line":25,"column":9}},"3":{"start":{"line":26,"column":8},"end":{"line":26,"column":69}},"4":{"start":{"line":27,"column":8},"end":{"line":27,"column":77}},"5":{"start":{"line":28,"column":8},"end":{"line":28,"column":71}},"6":{"start":{"line":29,"column":8},"end":{"line":29,"column":77}},"7":{"start":{"line":33,"column":8},"end":{"line":33,"column":63}},"8":{"start":{"line":37,"column":8},"end":{"line":41,"column":11}},"9":{"start":{"line":44,"column":8},"end":{"line":48,"column":11}},"10":{"start":{"line":51,"column":8},"end":{"line":55,"column":11}},"11":{"start":{"line":60,"column":12},"end":{"line":96,"column":18}},"12":{"start":{"line":99,"column":8},"end":{"line":99,"column":23}}},"fnMap":{"0":{"name":"(anonymous_0)","decl":{"start":{"line":12,"column":4},"end":{"line":12,"column":5}},"loc":{"start":{"line":12,"column":22},"end":{"line":30,"column":5}},"line":12},"1":{"name":"(anonymous_1)","decl":{"start":{"line":32,"column":25},"end":{"line":32,"column":26}},"loc":{"start":{"line":32,"column":31},"end":{"line":34,"column":5}},"line":32},"2":{"name":"(anonymous_2)","decl":{"start":{"line":36,"column":29},"end":{"line":36,"column":30}},"loc":{"start":{"line":36,"column":35},"end":{"line":42,"column":5}},"line":36},"3":{"name":"(anonymous_3)","decl":{"start":{"line":43,"column":26},"end":{"line":43,"column":27}},"loc":{"start":{"line":43,"column":32},"end":{"line":49,"column":5}},"line":43},"4":{"name":"(anonymous_4)","decl":{"start":{"line":50,"column":29},"end":{"line":50,"column":30}},"loc":{"start":{"line":50,"column":35},"end":{"line":56,"column":5}},"line":50},"5":{"name":"(anonymous_5)","decl":{"start":{"line":58,"column":4},"end":{"line":58,"column":5}},"loc":{"start":{"line":58,"column":12},"end":{"line":100,"column":5}},"line":58}},"branchMap":{"0":{"loc":{"start":{"line":76,"column":24},"end":{"line":93,"column":27}},"type":"cond-expr","locations":[{"start":{"line":77,"column":24},"end":{"line":81,"column":26}},{"start":{"line":82,"column":25},"end":{"line":93,"column":26}}],"line":76},"1":{"loc":{"start":{"line":82,"column":25},"end":{"line":93,"column":26}},"type":"cond-expr","locations":[{"start":{"line":83,"column":24},"end":{"line":89,"column":26}},{"start":{"line":91,"column":24},"end":{"line":93,"column":26}}],"line":82}},"s":{"0":2,"1":2,"2":2,"3":2,"4":2,"5":2,"6":2,"7":0,"8":0,"9":0,"10":0,"11":2,"12":2},"f":{"0":2,"1":0,"2":0,"3":0,"4":0,"5":2},"b":{"0":[2,0],"1":[0,0]},"_coverageSchema":"332fd63041d2c1bcb487cc26dd0d5f7d97098a6c","hash":"2d72b77db083e4cb749765ca5736fad6b618d4b7"}
,"/Users/shofi/Desktop/PooledHouse/front-end/src/Components/ViewTipInfo/ViewReportedTips.js": {"path":"/Users/shofi/Desktop/PooledHouse/front-end/src/Components/ViewTipInfo/ViewReportedTips.js","statementMap":{"0":{"start":{"line":13,"column":8},"end":{"line":13,"column":21}},"1":{"start":{"line":14,"column":8},"end":{"line":16,"column":9}},"2":{"start":{"line":21,"column":12},"end":{"line":183,"column":18}},"3":{"start":{"line":25,"column":86},"end":{"line":25,"column":126}},"4":{"start":{"line":26,"column":86},"end":{"line":26,"column":121}},"5":{"start":{"line":29,"column":86},"end":{"line":29,"column":123}},"6":{"start":{"line":185,"column":8},"end":{"line":185,"column":20}}},"fnMap":{"0":{"name":"(anonymous_0)","decl":{"start":{"line":12,"column":4},"end":{"line":12,"column":5}},"loc":{"start":{"line":12,"column":23},"end":{"line":17,"column":5}},"line":12},"1":{"name":"(anonymous_1)","decl":{"start":{"line":19,"column":4},"end":{"line":19,"column":5}},"loc":{"start":{"line":19,"column":13},"end":{"line":186,"column":5}},"line":19},"2":{"name":"(anonymous_2)","decl":{"start":{"line":25,"column":81},"end":{"line":25,"column":82}},"loc":{"start":{"line":25,"column":85},"end":{"line":25,"column":127}},"line":25},"3":{"name":"(anonymous_3)","decl":{"start":{"line":26,"column":81},"end":{"line":26,"column":82}},"loc":{"start":{"line":26,"column":85},"end":{"line":26,"column":122}},"line":26},"4":{"name":"(anonymous_4)","decl":{"start":{"line":29,"column":81},"end":{"line":29,"column":82}},"loc":{"start":{"line":29,"column":85},"end":{"line":29,"column":124}},"line":29}},"branchMap":{"0":{"loc":{"start":{"line":35,"column":25},"end":{"line":66,"column":30}},"type":"cond-expr","locations":[{"start":{"line":36,"column":28},"end":{"line":65,"column":36}},{"start":{"line":66,"column":26},"end":{"line":66,"column":30}}],"line":35},"1":{"loc":{"start":{"line":68,"column":25},"end":{"line":107,"column":30}},"type":"cond-expr","locations":[{"start":{"line":69,"column":28},"end":{"line":106,"column":36}},{"start":{"line":107,"column":26},"end":{"line":107,"column":30}}],"line":68},"2":{"loc":{"start":{"line":108,"column":25},"end":{"line":170,"column":30}},"type":"cond-expr","locations":[{"start":{"line":109,"column":28},"end":{"line":169,"column":36}},{"start":{"line":170,"column":26},"end":{"line":170,"column":30}}],"line":108}},"s":{"0":1,"1":1,"2":1,"3":0,"4":0,"5":0,"6":1},"f":{"0":1,"1":1,"2":0,"3":0,"4":0},"b":{"0":[1,0],"1":[0,1],"2":[0,1]},"_coverageSchema":"332fd63041d2c1bcb487cc26dd0d5f7d97098a6c","hash":"79b5fe939e1d49665ef1a79c197dd300dc64c906"}
,"/Users/shofi/Desktop/PooledHouse/front-end/src/Components/ViewTipInfo/ViewTipInfo.js": {"path":"/Users/shofi/Desktop/PooledHouse/front-end/src/Components/ViewTipInfo/ViewTipInfo.js","statementMap":{"0":{"start":{"line":8,"column":29},"end":{"line":37,"column":1}},"1":{"start":{"line":9,"column":21},"end":{"line":9,"column":23}},"2":{"start":{"line":10,"column":4},"end":{"line":35,"column":7}},"3":{"start":{"line":11,"column":27},"end":{"line":11,"column":45}},"4":{"start":{"line":12,"column":8},"end":{"line":34,"column":9}},"5":{"start":{"line":13,"column":12},"end":{"line":21,"column":41}},"6":{"start":{"line":24,"column":12},"end":{"line":33,"column":15}},"7":{"start":{"line":36,"column":4},"end":{"line":36,"column":20}},"8":{"start":{"line":39,"column":20},"end":{"line":62,"column":1}},"9":{"start":{"line":43,"column":26},"end":{"line":43,"column":145}},"10":{"start":{"line":43,"column":90},"end":{"line":43,"column":128}},"11":{"start":{"line":46,"column":4},"end":{"line":46,"column":55}},"12":{"start":{"line":47,"column":18},"end":{"line":59,"column":6}},"13":{"start":{"line":48,"column":8},"end":{"line":58,"column":10}},"14":{"start":{"line":61,"column":4},"end":{"line":61,"column":19}}},"fnMap":{"0":{"name":"(anonymous_0)","decl":{"start":{"line":8,"column":29},"end":{"line":8,"column":30}},"loc":{"start":{"line":8,"column":43},"end":{"line":37,"column":1}},"line":8},"1":{"name":"(anonymous_1)","decl":{"start":{"line":10,"column":21},"end":{"line":10,"column":22}},"loc":{"start":{"line":10,"column":29},"end":{"line":35,"column":5}},"line":10},"2":{"name":"(anonymous_2)","decl":{"start":{"line":39,"column":20},"end":{"line":39,"column":21}},"loc":{"start":{"line":39,"column":31},"end":{"line":62,"column":1}},"line":39},"3":{"name":"(anonymous_3)","decl":{"start":{"line":43,"column":82},"end":{"line":43,"column":83}},"loc":{"start":{"line":43,"column":90},"end":{"line":43,"column":128}},"line":43},"4":{"name":"(anonymous_4)","decl":{"start":{"line":47,"column":39},"end":{"line":47,"column":40}},"loc":{"start":{"line":47,"column":56},"end":{"line":59,"column":5}},"line":47}},"branchMap":{"0":{"loc":{"start":{"line":12,"column":8},"end":{"line":34,"column":9}},"type":"if","locations":[{"start":{"line":12,"column":8},"end":{"line":34,"column":9}},{"start":{"line":12,"column":8},"end":{"line":34,"column":9}}],"line":12},"1":{"loc":{"start":{"line":43,"column":26},"end":{"line":43,"column":145}},"type":"cond-expr","locations":[{"start":{"line":43,"column":61},"end":{"line":43,"column":129}},{"start":{"line":43,"column":132},"end":{"line":43,"column":145}}],"line":43}},"s":{"0":1,"1":0,"2":0,"3":0,"4":0,"5":0,"6":0,"7":0,"8":1,"9":0,"10":0,"11":0,"12":0,"13":0,"14":0},"f":{"0":0,"1":0,"2":0,"3":0,"4":0},"b":{"0":[0,0],"1":[0,0]},"_coverageSchema":"332fd63041d2c1bcb487cc26dd0d5f7d97098a6c","hash":"d34aab29ceffaecca660da1e21c5142f82e9c8ea"}
,"/Users/shofi/Desktop/PooledHouse/front-end/src/Components/ViewTipInfo/ViewTipInfoList.js": {"path":"/Users/shofi/Desktop/PooledHouse/front-end/src/Components/ViewTipInfo/ViewTipInfoList.js","statementMap":{"0":{"start":{"line":26,"column":16},"end":{"line":26,"column":53}},"1":{"start":{"line":30,"column":8},"end":{"line":30,"column":21}},"2":{"start":{"line":31,"column":8},"end":{"line":42,"column":10}},"3":{"start":{"line":44,"column":8},"end":{"line":44,"column":59}},"4":{"start":{"line":45,"column":8},"end":{"line":45,"column":69}},"5":{"start":{"line":46,"column":8},"end":{"line":46,"column":67}},"6":{"start":{"line":47,"column":8},"end":{"line":47,"column":69}},"7":{"start":{"line":52,"column":20},"end":{"line":52,"column":106}},"8":{"start":{"line":52,"column":44},"end":{"line":52,"column":105}},"9":{"start":{"line":53,"column":6},"end":{"line":59,"column":9}},"10":{"start":{"line":63,"column":6},"end":{"line":68,"column":8}},"11":{"start":{"line":72,"column":6},"end":{"line":77,"column":8}},"12":{"start":{"line":80,"column":6},"end":{"line":85,"column":8}},"13":{"start":{"line":91,"column":8},"end":{"line":113,"column":12}},"14":{"start":{"line":97,"column":65},"end":{"line":97,"column":88}},"15":{"start":{"line":97,"column":89},"end":{"line":97,"column":136}},"16":{"start":{"line":99,"column":41},"end":{"line":99,"column":100}},"17":{"start":{"line":116,"column":26},"end":{"line":123,"column":6}},"18":{"start":{"line":117,"column":8},"end":{"line":122,"column":16}},"19":{"start":{"line":121,"column":83},"end":{"line":121,"column":115}},"20":{"start":{"line":125,"column":6},"end":{"line":160,"column":7}},"21":{"start":{"line":133,"column":67},"end":{"line":133,"column":90}},"22":{"start":{"line":133,"column":91},"end":{"line":133,"column":138}},"23":{"start":{"line":135,"column":43},"end":{"line":135,"column":102}},"24":{"start":{"line":140,"column":100},"end":{"line":140,"column":147}},"25":{"start":{"line":141,"column":99},"end":{"line":141,"column":147}}},"fnMap":{"0":{"name":"(anonymous_0)","decl":{"start":{"line":29,"column":4},"end":{"line":29,"column":5}},"loc":{"start":{"line":29,"column":23},"end":{"line":48,"column":5}},"line":29},"1":{"name":"(anonymous_1)","decl":{"start":{"line":50,"column":20},"end":{"line":50,"column":21}},"loc":{"start":{"line":50,"column":40},"end":{"line":60,"column":5}},"line":50},"2":{"name":"(anonymous_2)","decl":{"start":{"line":52,"column":36},"end":{"line":52,"column":37}},"loc":{"start":{"line":52,"column":44},"end":{"line":52,"column":105}},"line":52},"3":{"name":"(anonymous_3)","decl":{"start":{"line":62,"column":25},"end":{"line":62,"column":26}},"loc":{"start":{"line":62,"column":35},"end":{"line":69,"column":5}},"line":62},"4":{"name":"(anonymous_4)","decl":{"start":{"line":71,"column":24},"end":{"line":71,"column":25}},"loc":{"start":{"line":71,"column":34},"end":{"line":78,"column":5}},"line":71},"5":{"name":"(anonymous_5)","decl":{"start":{"line":79,"column":25},"end":{"line":79,"column":26}},"loc":{"start":{"line":79,"column":35},"end":{"line":86,"column":5}},"line":79},"6":{"name":"(anonymous_6)","decl":{"start":{"line":89,"column":4},"end":{"line":89,"column":5}},"loc":{"start":{"line":89,"column":13},"end":{"line":161,"column":3}},"line":89},"7":{"name":"(anonymous_7)","decl":{"start":{"line":97,"column":54},"end":{"line":97,"column":55}},"loc":{"start":{"line":97,"column":63},"end":{"line":97,"column":137}},"line":97},"8":{"name":"(anonymous_8)","decl":{"start":{"line":99,"column":30},"end":{"line":99,"column":31}},"loc":{"start":{"line":99,"column":40},"end":{"line":99,"column":101}},"line":99},"9":{"name":"(anonymous_9)","decl":{"start":{"line":116,"column":55},"end":{"line":116,"column":56}},"loc":{"start":{"line":116,"column":66},"end":{"line":123,"column":5}},"line":116},"10":{"name":"(anonymous_10)","decl":{"start":{"line":121,"column":78},"end":{"line":121,"column":79}},"loc":{"start":{"line":121,"column":83},"end":{"line":121,"column":115}},"line":121},"11":{"name":"(anonymous_11)","decl":{"start":{"line":133,"column":56},"end":{"line":133,"column":57}},"loc":{"start":{"line":133,"column":65},"end":{"line":133,"column":139}},"line":133},"12":{"name":"(anonymous_12)","decl":{"start":{"line":135,"column":32},"end":{"line":135,"column":33}},"loc":{"start":{"line":135,"column":42},"end":{"line":135,"column":103}},"line":135},"13":{"name":"(anonymous_13)","decl":{"start":{"line":140,"column":94},"end":{"line":140,"column":95}},"loc":{"start":{"line":140,"column":99},"end":{"line":140,"column":148}},"line":140},"14":{"name":"(anonymous_14)","decl":{"start":{"line":141,"column":93},"end":{"line":141,"column":94}},"loc":{"start":{"line":141,"column":98},"end":{"line":141,"column":148}},"line":141}},"branchMap":{"0":{"loc":{"start":{"line":130,"column":14},"end":{"line":156,"column":18}},"type":"cond-expr","locations":[{"start":{"line":130,"column":38},"end":{"line":130,"column":54}},{"start":{"line":131,"column":14},"end":{"line":156,"column":18}}],"line":130},"1":{"loc":{"start":{"line":144,"column":15},"end":{"line":154,"column":27}},"type":"cond-expr","locations":[{"start":{"line":145,"column":14},"end":{"line":152,"column":20}},{"start":{"line":154,"column":16},"end":{"line":154,"column":27}}],"line":144}},"s":{"0":1,"1":2,"2":2,"3":2,"4":2,"5":2,"6":2,"7":0,"8":0,"9":0,"10":0,"11":0,"12":0,"13":2,"14":0,"15":0,"16":0,"17":2,"18":2,"19":0,"20":2,"21":0,"22":0,"23":0,"24":0,"25":0},"f":{"0":2,"1":0,"2":0,"3":0,"4":0,"5":0,"6":2,"7":0,"8":0,"9":2,"10":0,"11":0,"12":0,"13":0,"14":0},"b":{"0":[2,0],"1":[0,0]},"_coverageSchema":"332fd63041d2c1bcb487cc26dd0d5f7d97098a6c","hash":"6f3d9f05f625338457438bd02cea4bd0946f169a"}
,"/Users/shofi/Desktop/PooledHouse/front-end/src/Components/ViewTipInfo/ViewTipsHistory.js": {"path":"/Users/shofi/Desktop/PooledHouse/front-end/src/Components/ViewTipInfo/ViewTipsHistory.js","statementMap":{"0":{"start":{"line":7,"column":20},"end":{"line":43,"column":1}},"1":{"start":{"line":8,"column":17},"end":{"line":8,"column":34}},"2":{"start":{"line":9,"column":14},"end":{"line":9,"column":15}},"3":{"start":{"line":10,"column":14},"end":{"line":23,"column":6}},"4":{"start":{"line":11,"column":8},"end":{"line":22,"column":10}},"5":{"start":{"line":25,"column":4},"end":{"line":42,"column":6}}},"fnMap":{"0":{"name":"(anonymous_0)","decl":{"start":{"line":7,"column":20},"end":{"line":7,"column":21}},"loc":{"start":{"line":7,"column":31},"end":{"line":43,"column":1}},"line":7},"1":{"name":"(anonymous_1)","decl":{"start":{"line":10,"column":23},"end":{"line":10,"column":24}},"loc":{"start":{"line":10,"column":31},"end":{"line":23,"column":5}},"line":10}},"branchMap":{},"s":{"0":3,"1":2,"2":2,"3":2,"4":3,"5":2},"f":{"0":2,"1":3},"b":{},"_coverageSchema":"332fd63041d2c1bcb487cc26dd0d5f7d97098a6c","hash":"ad9091bdf2ddc4be7cca1620069da6efc23e5645"}
,"/Users/shofi/Desktop/PooledHouse/front-end/src/Components/ViewTipInfo/ViewUserTipInfo.js": {"path":"/Users/shofi/Desktop/PooledHouse/front-end/src/Components/ViewTipInfo/ViewUserTipInfo.js","statementMap":{"0":{"start":{"line":10,"column":21},"end":{"line":55,"column":1}},"1":{"start":{"line":11,"column":20},"end":{"line":11,"column":74}},"2":{"start":{"line":11,"column":49},"end":{"line":11,"column":73}},"3":{"start":{"line":15,"column":18},"end":{"line":52,"column":6}},"4":{"start":{"line":16,"column":8},"end":{"line":51,"column":10}},"5":{"start":{"line":54,"column":4},"end":{"line":54,"column":19}}},"fnMap":{"0":{"name":"(anonymous_0)","decl":{"start":{"line":10,"column":21},"end":{"line":10,"column":22}},"loc":{"start":{"line":10,"column":32},"end":{"line":55,"column":1}},"line":10},"1":{"name":"(anonymous_1)","decl":{"start":{"line":11,"column":41},"end":{"line":11,"column":42}},"loc":{"start":{"line":11,"column":49},"end":{"line":11,"column":73}},"line":11},"2":{"name":"(anonymous_2)","decl":{"start":{"line":15,"column":32},"end":{"line":15,"column":33}},"loc":{"start":{"line":15,"column":49},"end":{"line":52,"column":5}},"line":15}},"branchMap":{},"s":{"0":2,"1":2,"2":4,"3":2,"4":3,"5":2},"f":{"0":2,"1":4,"2":3},"b":{},"_coverageSchema":"332fd63041d2c1bcb487cc26dd0d5f7d97098a6c","hash":"711493eadc97ecf18ccabdc961d2a41720e63fd8"}
,"/Users/shofi/Desktop/PooledHouse/front-end/src/Components/ViewTipInfo/WelcomePage.js": {"path":"/Users/shofi/Desktop/PooledHouse/front-end/src/Components/ViewTipInfo/WelcomePage.js","statementMap":{"0":{"start":{"line":11,"column":6},"end":{"line":11,"column":28}},"1":{"start":{"line":13,"column":6},"end":{"line":13,"column":55}},"2":{"start":{"line":15,"column":6},"end":{"line":18,"column":8}},"3":{"start":{"line":22,"column":6},"end":{"line":25,"column":9}},"4":{"start":{"line":29,"column":35},"end":{"line":29,"column":45}},"5":{"start":{"line":31,"column":6},"end":{"line":68,"column":8}}},"fnMap":{"0":{"name":"(anonymous_0)","decl":{"start":{"line":10,"column":4},"end":{"line":10,"column":5}},"loc":{"start":{"line":10,"column":32},"end":{"line":19,"column":5}},"line":10},"1":{"name":"(anonymous_1)","decl":{"start":{"line":21,"column":4},"end":{"line":21,"column":5}},"loc":{"start":{"line":21,"column":35},"end":{"line":26,"column":5}},"line":21},"2":{"name":"(anonymous_2)","decl":{"start":{"line":28,"column":4},"end":{"line":28,"column":5}},"loc":{"start":{"line":28,"column":13},"end":{"line":69,"column":5}},"line":28}},"branchMap":{},"s":{"0":0,"1":0,"2":0,"3":0,"4":0,"5":0},"f":{"0":0,"1":0,"2":0},"b":{},"_coverageSchema":"332fd63041d2c1bcb487cc26dd0d5f7d97098a6c","hash":"85093ed397dfdb6aac3c159f787351cd74c96c0f"}
,"/Users/shofi/Desktop/PooledHouse/front-end/src/graphql/mutations.js": {"path":"/Users/shofi/Desktop/PooledHouse/front-end/src/graphql/mutations.js","statementMap":{"0":{"start":{"line":4,"column":30},"end":{"line":21,"column":1}},"1":{"start":{"line":22,"column":30},"end":{"line":39,"column":1}},"2":{"start":{"line":40,"column":30},"end":{"line":57,"column":1}}},"fnMap":{},"branchMap":{},"s":{"0":1,"1":1,"2":1},"f":{},"b":{},"_coverageSchema":"332fd63041d2c1bcb487cc26dd0d5f7d97098a6c","hash":"1b1264312859a7f83917880a63f1bbf97ff00fc5"}
}
