TN:
SF:/Users/shofi/Desktop/PooledHouse/front-end/src/Components/Map/map.js
FN:14,(anonymous_0)
FN:23,(anonymous_1)
FN:28,(anonymous_2)
FN:38,(anonymous_3)
FNF:4
FNH:0
FNDA:0,(anonymous_0)
FNDA:0,(anonymous_1)
FNDA:0,(anonymous_2)
FNDA:0,(anonymous_3)
DA:15,0
DA:16,0
DA:24,0
DA:25,0
DA:29,0
DA:40,0
DA:41,0
DA:43,0
DA:44,0
DA:45,0
DA:46,0
DA:48,0
DA:49,0
DA:50,0
DA:52,0
DA:53,0
DA:54,0
DA:55,0
DA:57,0
DA:66,0
LF:20
LH:0
BRF:0
BRH:0
end_of_record
TN:
SF:/Users/shofi/Desktop/PooledHouse/front-end/src/Components/Map/mapFunctions.js
FN:10,(anonymous_0)
FN:20,(anonymous_1)
FN:26,(anonymous_2)
FN:29,(anonymous_3)
FN:47,(anonymous_4)
FN:50,(anonymous_5)
FN:71,(anonymous_6)
FN:74,(anonymous_7)
FN:99,(anonymous_8)
FN:115,(anonymous_9)
FN:130,(anonymous_10)
FN:139,(anonymous_11)
FN:141,(anonymous_12)
FN:147,(anonymous_13)
FNF:14
FNH:7
FNDA:3,(anonymous_0)
FNDA:2,(anonymous_1)
FNDA:1,(anonymous_2)
FNDA:3,(anonymous_3)
FNDA:0,(anonymous_4)
FNDA:0,(anonymous_5)
FNDA:1,(anonymous_6)
FNDA:3,(anonymous_7)
FNDA:1,(anonymous_8)
FNDA:0,(anonymous_9)
FNDA:0,(anonymous_10)
FNDA:0,(anonymous_11)
FNDA:0,(anonymous_12)
FNDA:0,(anonymous_13)
DA:3,2
DA:4,2
DA:5,2
DA:6,2
DA:7,2
DA:8,2
DA:10,2
DA:11,3
DA:12,3
DA:13,3
DA:14,2
DA:15,1
DA:20,2
DA:21,2
DA:26,2
DA:28,1
DA:29,1
DA:30,3
DA:31,3
DA:32,2
DA:37,1
DA:38,1
DA:39,1
DA:42,1
DA:47,2
DA:49,0
DA:50,0
DA:51,0
DA:52,0
DA:53,0
DA:54,0
DA:55,0
DA:56,0
DA:61,0
DA:62,0
DA:63,0
DA:67,0
DA:71,2
DA:73,1
DA:74,1
DA:75,3
DA:76,3
DA:77,3
DA:81,3
DA:82,3
DA:83,2
DA:88,1
DA:89,1
DA:90,1
DA:94,1
DA:99,2
DA:100,1
DA:101,1
DA:102,1
DA:103,1
DA:104,1
DA:105,1
DA:106,1
DA:108,1
DA:109,1
DA:111,1
DA:115,2
DA:117,0
DA:130,2
DA:135,0
DA:136,0
DA:137,0
DA:138,0
DA:139,0
DA:142,0
DA:143,0
DA:144,0
DA:145,0
DA:148,0
DA:153,2
DA:154,2
DA:155,2
LF:77
LH:54
BRDA:11,0,0,0
BRDA:11,0,1,3
BRDA:12,1,0,0
BRDA:12,1,1,3
BRDA:13,2,0,1
BRDA:13,2,1,2
BRDA:14,3,0,1
BRDA:14,3,1,1
BRDA:31,4,0,2
BRDA:31,4,1,1
BRDA:53,5,0,0
BRDA:53,5,1,0
BRDA:55,6,0,0
BRDA:55,6,1,0
BRDA:77,7,0,3
BRDA:77,7,1,0
BRDA:77,8,0,3
BRDA:77,8,1,0
BRDA:77,8,2,3
BRDA:77,8,3,3
BRDA:77,8,4,3
BRDA:77,8,5,3
BRDA:82,9,0,2
BRDA:82,9,1,1
BRF:24
BRH:16
end_of_record
TN:
SF:/Users/shofi/Desktop/PooledHouse/front-end/src/Components/ProcessTips/ProcessOption.js
FN:11,(anonymous_0)
FN:18,(anonymous_1)
FNF:2
FNH:0
FNDA:0,(anonymous_0)
FNDA:0,(anonymous_1)
DA:11,1
DA:13,0
DA:18,0
DA:31,0
LF:4
LH:1
BRF:0
BRH:0
end_of_record
TN:
SF:/Users/shofi/Desktop/PooledHouse/front-end/src/Components/ProcessTips/ProcessTips.js
FN:39,(anonymous_0)
FN:42,(anonymous_1)
FN:73,(anonymous_2)
FN:75,(anonymous_3)
FN:101,(anonymous_4)
FN:166,(anonymous_5)
FN:168,(anonymous_6)
FN:256,(anonymous_7)
FN:258,(anonymous_8)
FN:319,(anonymous_9)
FN:322,(anonymous_10)
FN:356,(anonymous_11)
FN:358,(anonymous_12)
FN:401,(anonymous_13)
FN:403,(anonymous_14)
FNF:15
FNH:15
FNDA:3,(anonymous_0)
FNDA:6,(anonymous_1)
FNDA:3,(anonymous_2)
FNDA:6,(anonymous_3)
FNDA:6,(anonymous_4)
FNDA:3,(anonymous_5)
FNDA:6,(anonymous_6)
FNDA:3,(anonymous_7)
FNDA:6,(anonymous_8)
FNDA:3,(anonymous_9)
FNDA:6,(anonymous_10)
FNDA:5,(anonymous_11)
FNDA:9,(anonymous_12)
FNDA:2,(anonymous_13)
FNDA:3,(anonymous_14)
DA:39,3
DA:41,3
DA:42,3
DA:43,6
DA:44,6
DA:45,4
DA:49,4
DA:52,2
DA:53,2
DA:54,2
DA:55,2
DA:58,3
DA:73,3
DA:74,3
DA:75,3
DA:76,6
DA:77,6
DA:78,6
DA:79,4
DA:83,4
DA:84,4
DA:86,4
DA:89,2
DA:90,2
DA:91,2
DA:94,3
DA:101,3
DA:102,6
DA:103,6
DA:104,0
DA:106,6
DA:107,0
DA:109,6
DA:110,4
DA:112,2
DA:113,1
DA:115,1
DA:116,1
DA:118,0
DA:119,0
DA:121,0
DA:122,0
DA:166,3
DA:167,3
DA:168,3
DA:169,6
DA:170,6
DA:171,6
DA:172,4
DA:177,4
DA:208,4
DA:209,4
DA:212,2
DA:213,2
DA:214,2
DA:215,2
DA:218,3
DA:256,3
DA:257,3
DA:258,3
DA:259,6
DA:260,6
DA:261,6
DA:262,4
DA:267,4
DA:290,4
DA:291,4
DA:298,2
DA:299,2
DA:300,2
DA:303,3
DA:319,3
DA:320,3
DA:321,3
DA:322,3
DA:323,6
DA:324,6
DA:325,4
DA:326,4
DA:327,4
DA:333,2
DA:334,2
DA:335,2
DA:336,2
DA:337,2
DA:340,3
DA:356,3
DA:357,5
DA:358,5
DA:359,9
DA:360,9
DA:361,6
DA:372,3
DA:384,5
DA:401,3
DA:402,2
DA:403,2
DA:404,3
DA:405,3
DA:406,3
DA:407,3
DA:408,2
DA:409,2
DA:414,2
DA:419,2
DA:420,2
DA:423,1
DA:424,1
DA:425,1
DA:428,2
LF:110
LH:104
BRDA:44,0,0,4
BRDA:44,0,1,2
BRDA:78,1,0,4
BRDA:78,1,1,2
BRDA:78,2,0,6
BRDA:78,2,1,2
BRDA:83,3,0,4
BRDA:83,3,1,0
BRDA:103,4,0,0
BRDA:103,4,1,6
BRDA:106,5,0,0
BRDA:106,5,1,6
BRDA:109,6,0,4
BRDA:109,6,1,2
BRDA:112,7,0,1
BRDA:112,7,1,1
BRDA:115,8,0,1
BRDA:115,8,1,0
BRDA:118,9,0,0
BRDA:118,9,1,0
BRDA:121,10,0,0
BRDA:121,10,1,0
BRDA:171,11,0,4
BRDA:171,11,1,2
BRDA:261,12,0,4
BRDA:261,12,1,2
BRDA:324,13,0,4
BRDA:324,13,1,2
BRDA:360,14,0,6
BRDA:360,14,1,3
BRDA:407,15,0,2
BRDA:407,15,1,1
BRF:32
BRH:24
end_of_record
TN:
SF:/Users/shofi/Desktop/PooledHouse/front-end/src/Components/ProcessTips/ViewProcessedTips.js
FN:14,(anonymous_0)
FN:24,(anonymous_1)
FN:39,(anonymous_2)
FN:80,(anonymous_3)
FN:117,(anonymous_4)
FNF:5
FNH:0
FNDA:0,(anonymous_0)
FNDA:0,(anonymous_1)
FNDA:0,(anonymous_2)
FNDA:0,(anonymous_3)
FNDA:0,(anonymous_4)
DA:12,1
DA:14,1
DA:20,0
DA:21,0
DA:22,0
DA:23,0
DA:24,0
DA:25,0
DA:37,0
DA:38,0
DA:39,0
DA:40,0
DA:41,0
DA:59,0
DA:78,0
DA:79,0
DA:80,0
DA:81,0
DA:82,0
DA:98,0
DA:113,0
DA:114,0
DA:115,0
DA:116,0
DA:117,0
DA:118,0
DA:119,0
DA:131,0
DA:144,0
LF:29
LH:2
BRDA:22,0,0,0
BRDA:22,0,1,0
BRDA:37,1,0,0
BRDA:37,1,1,0
BRDA:78,2,0,0
BRDA:78,2,1,0
BRDA:113,3,0,0
BRDA:113,3,1,0
BRF:8
BRH:0
end_of_record
TN:
SF:/Users/shofi/Desktop/PooledHouse/front-end/src/Components/ReactNYC/ReactNYC.js
FN:8,(anonymous_0)
FN:16,(anonymous_1)
FN:18,(anonymous_2)
FN:22,(anonymous_3)
FN:29,(anonymous_4)
FN:35,(anonymous_5)
FN:39,(anonymous_6)
FN:61,(anonymous_7)
FN:64,(anonymous_8)
FN:68,(anonymous_9)
FN:74,(anonymous_10)
FN:75,(anonymous_11)
FN:82,(anonymous_12)
FNF:13
FNH:0
FNDA:0,(anonymous_0)
FNDA:0,(anonymous_1)
FNDA:0,(anonymous_2)
FNDA:0,(anonymous_3)
FNDA:0,(anonymous_4)
FNDA:0,(anonymous_5)
FNDA:0,(anonymous_6)
FNDA:0,(anonymous_7)
FNDA:0,(anonymous_8)
FNDA:0,(anonymous_9)
FNDA:0,(anonymous_10)
FNDA:0,(anonymous_11)
FNDA:0,(anonymous_12)
DA:9,0
DA:10,0
DA:11,0
DA:12,0
DA:13,0
DA:18,0
DA:19,0
DA:23,0
DA:24,0
DA:25,0
DA:26,0
DA:30,0
DA:31,0
DA:32,0
DA:36,0
DA:40,0
DA:41,0
DA:42,0
DA:44,0
DA:62,0
DA:63,0
DA:64,0
DA:66,0
DA:67,0
DA:68,0
DA:69,0
DA:74,0
DA:75,0
DA:82,0
LF:29
LH:0
BRDA:18,0,0,0
BRDA:18,0,1,0
BRDA:18,1,0,0
BRDA:18,1,1,0
BRDA:19,2,0,0
BRDA:19,2,1,0
BRDA:24,3,0,0
BRDA:24,3,1,0
BRDA:31,4,0,0
BRDA:31,4,1,0
BRDA:42,5,0,0
BRDA:42,5,1,0
BRDA:47,6,0,0
BRDA:47,6,1,0
BRDA:49,7,0,0
BRDA:49,7,1,0
BRDA:50,8,0,0
BRDA:50,8,1,0
BRDA:60,9,0,0
BRDA:60,9,1,0
BRDA:60,9,2,0
BRDA:64,10,0,0
BRDA:64,10,1,0
BRDA:64,11,0,0
BRDA:64,11,1,0
BRDA:66,12,0,0
BRDA:66,12,1,0
BRDA:68,13,0,0
BRDA:68,13,1,0
BRDA:68,14,0,0
BRDA:68,14,1,0
BRDA:78,15,0,0
BRDA:78,15,1,0
BRDA:78,16,0,0
BRDA:78,16,1,0
BRDA:79,17,0,0
BRDA:79,17,1,0
BRDA:82,18,0,0
BRDA:82,18,1,0
BRF:39
BRH:0
end_of_record
TN:
SF:/Users/shofi/Desktop/PooledHouse/front-end/src/Components/ReactNYC/nyc.js
FNF:0
FNH:0
DA:1,2
LF:1
LH:1
BRF:0
BRH:0
end_of_record
TN:
SF:/Users/shofi/Desktop/PooledHouse/front-end/src/Components/TipInfoForm/TipInfoForm.js
FN:16,(anonymous_0)
FN:36,(anonymous_1)
FN:40,(anonymous_2)
FN:79,(anonymous_3)
FN:87,(anonymous_4)
FN:102,(anonymous_5)
FN:256,(anonymous_6)
FN:265,(anonymous_7)
FNF:8
FNH:5
FNDA:1,(anonymous_0)
FNDA:0,(anonymous_1)
FNDA:0,(anonymous_2)
FNDA:1,(anonymous_3)
FNDA:1,(anonymous_4)
FNDA:38,(anonymous_5)
FNDA:38,(anonymous_6)
FNDA:0,(anonymous_7)
DA:17,1
DA:18,1
DA:32,1
DA:33,1
DA:37,0
DA:41,0
DA:42,0
DA:57,0
DA:58,0
DA:59,0
DA:60,0
DA:74,0
DA:75,0
DA:80,1
DA:81,0
DA:82,0
DA:89,1
DA:100,1
DA:102,1
DA:103,38
DA:117,1
DA:119,1
DA:257,38
DA:265,0
LF:24
LH:12
BRF:0
BRH:0
end_of_record
TN:
SF:/Users/shofi/Desktop/PooledHouse/front-end/src/Components/UserTips/UserAccountSummaryFunctions.js
FN:3,(anonymous_0)
FNF:1
FNH:1
FNDA:2,(anonymous_0)
DA:3,1
DA:4,2
DA:6,1
DA:9,1
DA:10,1
LF:5
LH:5
BRDA:4,0,0,1
BRDA:4,0,1,1
BRF:2
BRH:2
end_of_record
TN:
SF:/Users/shofi/Desktop/PooledHouse/front-end/src/Components/ViewTipInfo/CompanyDescription.js
FN:4,(anonymous_0)
FN:6,(anonymous_1)
FNF:2
FNH:2
FNDA:4,(anonymous_0)
FNDA:5,(anonymous_1)
DA:4,3
DA:5,4
DA:6,4
DA:7,5
DA:20,4
DA:34,4
LF:6
LH:6
BRF:0
BRH:0
end_of_record
TN:
SF:/Users/shofi/Desktop/PooledHouse/front-end/src/Components/ViewTipInfo/PositionOption.js
FN:11,(anonymous_0)
FN:18,(anonymous_1)
FNF:2
FNH:0
FNDA:0,(anonymous_0)
FNDA:0,(anonymous_1)
DA:11,1
DA:13,0
DA:18,0
DA:29,0
LF:4
LH:1
BRF:0
BRH:0
end_of_record
TN:
SF:/Users/shofi/Desktop/PooledHouse/front-end/src/Components/ViewTipInfo/ViewBarChart.js
FN:4,(anonymous_0)
FN:17,(anonymous_1)
FN:48,(anonymous_2)
FN:64,(anonymous_3)
FNF:4
FNH:2
FNDA:0,(anonymous_0)
FNDA:1,(anonymous_1)
FNDA:0,(anonymous_2)
FNDA:1,(anonymous_3)
DA:4,3
DA:5,0
DA:17,3
DA:18,1
DA:48,3
DA:49,0
DA:64,3
DA:65,1
DA:66,1
DA:67,1
DA:68,1
DA:69,1
DA:71,0
DA:72,0
DA:73,0
DA:75,0
DA:76,0
DA:77,0
DA:87,1
LF:19
LH:11
BRDA:67,0,0,1
BRDA:67,0,1,0
BRDA:71,1,0,0
BRDA:71,1,1,0
BRDA:75,2,0,0
BRDA:75,2,1,0
BRF:6
BRH:1
end_of_record
TN:
SF:/Users/shofi/Desktop/PooledHouse/front-end/src/Components/ViewTipInfo/ViewCompany.js
FN:12,(anonymous_0)
FN:32,(anonymous_1)
FN:36,(anonymous_2)
FN:43,(anonymous_3)
FN:50,(anonymous_4)
FN:58,(anonymous_5)
FNF:6
FNH:2
FNDA:2,(anonymous_0)
FNDA:0,(anonymous_1)
FNDA:0,(anonymous_2)
FNDA:0,(anonymous_3)
FNDA:0,(anonymous_4)
FNDA:2,(anonymous_5)
DA:9,2
DA:13,2
DA:14,2
DA:26,2
DA:27,2
DA:28,2
DA:29,2
DA:33,0
DA:37,0
DA:44,0
DA:51,0
DA:60,2
DA:99,2
LF:13
LH:9
BRDA:76,0,0,2
BRDA:76,0,1,0
BRDA:82,1,0,0
BRDA:82,1,1,0
BRF:4
BRH:1
end_of_record
TN:
SF:/Users/shofi/Desktop/PooledHouse/front-end/src/Components/ViewTipInfo/ViewReportedTips.js
FN:12,(anonymous_0)
FN:19,(anonymous_1)
FN:25,(anonymous_2)
FN:26,(anonymous_3)
FN:29,(anonymous_4)
FNF:5
FNH:2
FNDA:1,(anonymous_0)
FNDA:1,(anonymous_1)
FNDA:0,(anonymous_2)
FNDA:0,(anonymous_3)
FNDA:0,(anonymous_4)
DA:13,1
DA:14,1
DA:21,1
DA:25,0
DA:26,0
DA:29,0
DA:185,1
LF:7
LH:4
BRDA:35,0,0,1
BRDA:35,0,1,0
BRDA:68,1,0,0
BRDA:68,1,1,1
BRDA:108,2,0,0
BRDA:108,2,1,1
BRF:6
BRH:3
end_of_record
TN:
SF:/Users/shofi/Desktop/PooledHouse/front-end/src/Components/ViewTipInfo/ViewTipInfo.js
FN:8,(anonymous_0)
FN:10,(anonymous_1)
FN:39,(anonymous_2)
FN:43,(anonymous_3)
FN:47,(anonymous_4)
FNF:5
FNH:0
FNDA:0,(anonymous_0)
FNDA:0,(anonymous_1)
FNDA:0,(anonymous_2)
FNDA:0,(anonymous_3)
FNDA:0,(anonymous_4)
DA:8,1
DA:9,0
DA:10,0
DA:11,0
DA:12,0
DA:13,0
DA:24,0
DA:36,0
DA:39,1
DA:43,0
DA:46,0
DA:47,0
DA:48,0
DA:61,0
LF:14
LH:2
BRDA:12,0,0,0
BRDA:12,0,1,0
BRDA:43,1,0,0
BRDA:43,1,1,0
BRF:4
BRH:0
end_of_record
TN:
SF:/Users/shofi/Desktop/PooledHouse/front-end/src/Components/ViewTipInfo/ViewTipInfoList.js
FN:29,(anonymous_0)
FN:50,(anonymous_1)
FN:52,(anonymous_2)
FN:62,(anonymous_3)
FN:71,(anonymous_4)
FN:79,(anonymous_5)
FN:89,(anonymous_6)
FN:97,(anonymous_7)
FN:99,(anonymous_8)
FN:116,(anonymous_9)
FN:121,(anonymous_10)
FN:133,(anonymous_11)
FN:135,(anonymous_12)
FN:140,(anonymous_13)
FN:141,(anonymous_14)
FNF:15
FNH:3
FNDA:2,(anonymous_0)
FNDA:0,(anonymous_1)
FNDA:0,(anonymous_2)
FNDA:0,(anonymous_3)
FNDA:0,(anonymous_4)
FNDA:0,(anonymous_5)
FNDA:2,(anonymous_6)
FNDA:0,(anonymous_7)
FNDA:0,(anonymous_8)
FNDA:2,(anonymous_9)
FNDA:0,(anonymous_10)
FNDA:0,(anonymous_11)
FNDA:0,(anonymous_12)
FNDA:0,(anonymous_13)
FNDA:0,(anonymous_14)
DA:26,1
DA:30,2
DA:31,2
DA:44,2
DA:45,2
DA:46,2
DA:47,2
DA:52,0
DA:53,0
DA:63,0
DA:72,0
DA:80,0
DA:91,2
DA:97,0
DA:99,0
DA:116,2
DA:117,2
DA:121,0
DA:125,2
DA:133,0
DA:135,0
DA:140,0
DA:141,0
LF:23
LH:11
BRDA:130,0,0,2
BRDA:130,0,1,0
BRDA:144,1,0,0
BRDA:144,1,1,0
BRF:4
BRH:1
end_of_record
TN:
SF:/Users/shofi/Desktop/PooledHouse/front-end/src/Components/ViewTipInfo/ViewTipsHistory.js
FN:7,(anonymous_0)
FN:10,(anonymous_1)
FNF:2
FNH:2
FNDA:2,(anonymous_0)
FNDA:3,(anonymous_1)
DA:7,3
DA:8,2
DA:9,2
DA:10,2
DA:11,3
DA:25,2
LF:6
LH:6
BRF:0
BRH:0
end_of_record
TN:
SF:/Users/shofi/Desktop/PooledHouse/front-end/src/Components/ViewTipInfo/ViewUserTipInfo.js
FN:10,(anonymous_0)
FN:11,(anonymous_1)
FN:15,(anonymous_2)
FNF:3
FNH:3
FNDA:2,(anonymous_0)
FNDA:4,(anonymous_1)
FNDA:3,(anonymous_2)
DA:10,2
DA:11,4
DA:15,2
DA:16,3
DA:54,2
LF:5
LH:5
BRF:0
BRH:0
end_of_record
TN:
SF:/Users/shofi/Desktop/PooledHouse/front-end/src/Components/ViewTipInfo/WelcomePage.js
FN:10,(anonymous_0)
FN:21,(anonymous_1)
FN:28,(anonymous_2)
FNF:3
FNH:0
FNDA:0,(anonymous_0)
FNDA:0,(anonymous_1)
FNDA:0,(anonymous_2)
DA:11,0
DA:13,0
DA:15,0
DA:22,0
DA:29,0
DA:31,0
LF:6
LH:0
BRF:0
BRH:0
end_of_record
TN:
SF:/Users/shofi/Desktop/PooledHouse/front-end/src/graphql/mutations.js
FNF:0
FNH:0
DA:4,1
DA:22,1
DA:40,1
LF:3
LH:3
BRF:0
BRH:0
end_of_record
